Using pre-set license
Built from '2022.3/staging' branch; Version is '2022.3.10f1 (ff3792e53c62) revision 16725906'; Using compiler version '192829333'; Build Type 'Release'
OS: 'Windows 11  (10.0.22631) 64bit Core' Language: 'ja' Physical Memory: 16124 MB
BatchMode: 1, IsHumanControllingUs: 0, StartBugReporterOnCrash: 0, Is64bit: 1, IsPro: 1

COMMAND LINE ARGUMENTS:
C:\Program Files\Unity\Hub\Editor\2022.3.10f1\Editor\Unity.exe
-adb2
-batchMode
-noUpm
-name
AssetImportWorker12
-projectPath
C:/Users/rui02/unity_project/IVRC/IVRC
-logFile
Logs/AssetImportWorker12.log
-srvPort
54373
Successfully changed project path to: C:/Users/rui02/unity_project/IVRC/IVRC
C:/Users/rui02/unity_project/IVRC/IVRC
[UnityMemory] Configuration Parameters - Can be set up in boot.config
    "memorysetup-bucket-allocator-granularity=16"
    "memorysetup-bucket-allocator-bucket-count=8"
    "memorysetup-bucket-allocator-block-size=33554432"
    "memorysetup-bucket-allocator-block-count=8"
    "memorysetup-main-allocator-block-size=16777216"
    "memorysetup-thread-allocator-block-size=16777216"
    "memorysetup-gfx-main-allocator-block-size=16777216"
    "memorysetup-gfx-thread-allocator-block-size=16777216"
    "memorysetup-cache-allocator-block-size=4194304"
    "memorysetup-typetree-allocator-block-size=2097152"
    "memorysetup-profiler-bucket-allocator-granularity=16"
    "memorysetup-profiler-bucket-allocator-bucket-count=8"
    "memorysetup-profiler-bucket-allocator-block-size=33554432"
    "memorysetup-profiler-bucket-allocator-block-count=8"
    "memorysetup-profiler-allocator-block-size=16777216"
    "memorysetup-profiler-editor-allocator-block-size=1048576"
    "memorysetup-temp-allocator-size-main=16777216"
    "memorysetup-job-temp-allocator-block-size=2097152"
    "memorysetup-job-temp-allocator-block-size-background=1048576"
    "memorysetup-job-temp-allocator-reduction-small-platforms=262144"
    "memorysetup-allocator-temp-initial-block-size-main=262144"
    "memorysetup-allocator-temp-initial-block-size-worker=262144"
    "memorysetup-temp-allocator-size-background-worker=32768"
    "memorysetup-temp-allocator-size-job-worker=262144"
    "memorysetup-temp-allocator-size-preload-manager=33554432"
    "memorysetup-temp-allocator-size-nav-mesh-worker=65536"
    "memorysetup-temp-allocator-size-audio-worker=65536"
    "memorysetup-temp-allocator-size-cloud-worker=32768"
    "memorysetup-temp-allocator-size-gi-baking-worker=262144"
    "memorysetup-temp-allocator-size-gfx=262144"
Player connection [31344] Host "[IP] 192.168.11.143 [Port] 0 [Flags] 2 [Guid] 2777005775 [EditorId] 2777005775 [Version] 1048832 [Id] WindowsEditor(7,YamaguchiRui) [Debug] 1 [PackageName] WindowsEditor [ProjectName] Editor" joined multi-casting on [225.0.0.222:54997]...

Player connection [31344] Host "[IP] 192.168.11.143 [Port] 0 [Flags] 2 [Guid] 2777005775 [EditorId] 2777005775 [Version] 1048832 [Id] WindowsEditor(7,YamaguchiRui) [Debug] 1 [PackageName] WindowsEditor [ProjectName] Editor" joined alternative multi-casting on [225.0.0.222:34997]...

[Physics::Module] Initialized MultithreadedJobDispatcher with 19 workers.
Refreshing native plugins compatible for Editor in 9.23 ms, found 6 plugins.
Preloading 0 native plugins for Editor in 0.00 ms.
Initialize engine version: 2022.3.10f1 (ff3792e53c62)
[Subsystems] Discovering subsystems at path C:/Program Files/Unity/Hub/Editor/2022.3.10f1/Editor/Data/Resources/UnitySubsystems
[Subsystems] Discovering subsystems at path C:/Users/rui02/unity_project/IVRC/IVRC/Assets
GfxDevice: creating device client; threaded=0; jobified=0
Direct3D:
    Version:  Direct3D 11.0 [level 11.1]
    Renderer: NVIDIA GeForce RTX 3060 Laptop GPU (ID=0x2520)
    Vendor:   NVIDIA
    VRAM:     5996 MB
    Driver:   31.0.15.5186
Initialize mono
Mono path[0] = 'C:/Program Files/Unity/Hub/Editor/2022.3.10f1/Editor/Data/Managed'
Mono path[1] = 'C:/Program Files/Unity/Hub/Editor/2022.3.10f1/Editor/Data/MonoBleedingEdge/lib/mono/unityjit-win32'
Mono config path = 'C:/Program Files/Unity/Hub/Editor/2022.3.10f1/Editor/Data/MonoBleedingEdge/etc'
Using monoOptions --debugger-agent=transport=dt_socket,embedding=1,server=y,suspend=n,address=127.0.0.1:56192
Begin MonoManager ReloadAssembly
Registering precompiled unity dll's ...
Register platform support module: C:/Program Files/Unity/Hub/Editor/2022.3.10f1/Editor/Data/PlaybackEngines/WebGLSupport/UnityEditor.WebGL.Extensions.dll
Register platform support module: C:/Program Files/Unity/Hub/Editor/2022.3.10f1/Editor/Data/PlaybackEngines/WindowsStandaloneSupport/UnityEditor.WindowsStandalone.Extensions.dll
Registered in 0.003879 seconds.
- Loaded All Assemblies, in  0.217 seconds
Native extension for WindowsStandalone target not found
Native extension for WebGL target not found
Mono: successfully reloaded assembly
- Finished resetting the current domain, in  0.157 seconds
Domain Reload Profiling: 374ms
	BeginReloadAssembly (66ms)
		ExecutionOrderSort (0ms)
		DisableScriptedObjects (0ms)
		BackupInstance (0ms)
		ReleaseScriptingObjects (0ms)
		CreateAndSetChildDomain (1ms)
	RebuildCommonClasses (21ms)
	RebuildNativeTypeToScriptingClass (6ms)
	initialDomainReloadingComplete (35ms)
	LoadAllAssembliesAndSetupDomain (88ms)
		LoadAssemblies (65ms)
		RebuildTransferFunctionScriptingTraits (0ms)
		AnalyzeDomain (86ms)
			TypeCache.Refresh (85ms)
				TypeCache.ScanAssembly (77ms)
			ScanForSourceGeneratedMonoScriptInfo (0ms)
			ResolveRequiredComponents (0ms)
	FinalizeReload (157ms)
		ReleaseScriptCaches (0ms)
		RebuildScriptCaches (0ms)
		SetupLoadedEditorAssemblies (119ms)
			LogAssemblyErrors (0ms)
			InitializePlatformSupportModulesInManaged (6ms)
			SetLoadedEditorAssemblies (3ms)
			RefreshPlugins (0ms)
			BeforeProcessingInitializeOnLoad (1ms)
			ProcessInitializeOnLoadAttributes (79ms)
			ProcessInitializeOnLoadMethodAttributes (29ms)
			AfterProcessingInitializeOnLoad (0ms)
			EditorAssembliesLoaded (0ms)
		ExecutionOrderSort2 (0ms)
		AwakeInstancesAfterBackupRestoration (0ms)
========================================================================
Worker process is ready to serve import requests
Begin MonoManager ReloadAssembly
- Loaded All Assemblies, in  0.556 seconds
Refreshing native plugins compatible for Editor in 3.17 ms, found 6 plugins.
Native extension for WindowsStandalone target not found
Native extension for WebGL target not found
Package Manager log level set to [2]
[Package Manager] Server::EnsureServerProcessIsRunning -- launch failed, reason: Unity was launched with the -noUpm command-line argument
[Package Manager] UpmClient::Send -- Unable to send message (not connected to UPM process).
[Package Manager] Cannot connect to Unity Package Manager local server
[Package Manager] Server::EnsureServerProcessIsRunning -- launch failed, reason: Unity was launched with the -noUpm command-line argument
[Package Manager] UpmClient::Send -- Unable to send message (not connected to UPM process).
[Package Manager] Cannot connect to Unity Package Manager local server
Mono: successfully reloaded assembly
[Package Manager] Server::EnsureServerProcessIsRunning -- launch failed, reason: Unity was launched with the -noUpm command-line argument
[Package Manager] UpmClient::Send -- Unable to send message (not connected to UPM process).
[Package Manager] Cannot connect to Unity Package Manager local server
[Package Manager] Server::EnsureServerProcessIsRunning -- launch failed, reason: Unity was launched with the -noUpm command-line argument
[Package Manager] UpmClient::Send -- Unable to send message (not connected to UPM process).
[Package Manager] Cannot connect to Unity Package Manager local server
- Finished resetting the current domain, in  0.535 seconds
Domain Reload Profiling: 1089ms
	BeginReloadAssembly (90ms)
		ExecutionOrderSort (0ms)
		DisableScriptedObjects (3ms)
		BackupInstance (0ms)
		ReleaseScriptingObjects (0ms)
		CreateAndSetChildDomain (14ms)
	RebuildCommonClasses (21ms)
	RebuildNativeTypeToScriptingClass (6ms)
	initialDomainReloadingComplete (26ms)
	LoadAllAssembliesAndSetupDomain (411ms)
		LoadAssemblies (234ms)
		RebuildTransferFunctionScriptingTraits (0ms)
		AnalyzeDomain (227ms)
			TypeCache.Refresh (178ms)
				TypeCache.ScanAssembly (162ms)
			ScanForSourceGeneratedMonoScriptInfo (26ms)
			ResolveRequiredComponents (21ms)
	FinalizeReload (535ms)
		ReleaseScriptCaches (0ms)
		RebuildScriptCaches (0ms)
		SetupLoadedEditorAssemblies (407ms)
			LogAssemblyErrors (0ms)
			InitializePlatformSupportModulesInManaged (4ms)
			SetLoadedEditorAssemblies (4ms)
			RefreshPlugins (0ms)
			BeforeProcessingInitializeOnLoad (64ms)
			ProcessInitializeOnLoadAttributes (309ms)
			ProcessInitializeOnLoadMethodAttributes (23ms)
			AfterProcessingInitializeOnLoad (3ms)
			EditorAssembliesLoaded (0ms)
		ExecutionOrderSort2 (0ms)
		AwakeInstancesAfterBackupRestoration (4ms)
Launched and connected shader compiler UnityShaderCompiler.exe after 0.03 seconds
Refreshing native plugins compatible for Editor in 3.25 ms, found 6 plugins.
Preloading 0 native plugins for Editor in 0.00 ms.
Unloading 7948 Unused Serialized files (Serialized files now loaded: 0)
Unloading 250 unused Assets / (14.8 MB). Loaded Objects now: 8303.
Memory consumption went from 349.0 MB to 334.2 MB.
Total: 5.470000 ms (FindLiveObjects: 0.427100 ms CreateObjectMapping: 0.265600 ms MarkObjects: 2.771600 ms  DeleteObjects: 2.005100 ms)

AssetImportParameters requested are different than current active one (requested -> active):
  custom:container-demuxer-ogg: 62fdf1f143b41e24485cea50d1cbac27 -> 
  custom:framework-win-MediaFoundation: 216162199b28c13a410421893ffa2e32 -> 
  custom:container-muxer-webm: aa71ff27fc2769a1b78a27578f13a17b -> 
  custom:video-decoder-webm-vp8: 9c59270c3fd7afecdb556c50c9e8de78 -> 
  custom:SearchIndexIgnoredProperties: e643bd26f0fe6173181afceb89e7c659 -> 
  custom:AudioImporter_EditorPlatform: d09bf68614088b80899f8185d706f6e7 -> 
  custom:audio-decoder-ogg-vorbis: bf7c407c2cedff20999df2af8eb42d56 -> 
  custom:audio-encoder-webm-vorbis: bf7c407c2cedff20999df2af8eb42d56 -> 
  custom:video-codec-MediaFoundation-h265: 746d11721c4dcdbdad8f713fa42b33f4 -> 
  custom:video-decoder-ogg-theora: a1e56fd34408186e4bbccfd4996cb3dc -> 
  custom:CustomObjectIndexerAttribute: a3ef5dd2817f97addfee359851a9dba5 -> 
  custom:container-demuxer-webm: 4f35f7cbe854078d1ac9338744f61a02 -> 
  custom:video-encoder-webm-vp8: eb34c28f22e8b96e1ab97ce403110664 -> 
========================================================================
Received Import Request.
  Time since last request: 344392.715089 seconds.
  path: Assets/Tree9/bark14.png
  artifactKey: Guid(78e60ad3a8152ec46be748bb6d5a7cdf) Importer(815301076,1909f56bfc062723c751e8b465ee728b)
Start importing Assets/Tree9/bark14.png using Guid(78e60ad3a8152ec46be748bb6d5a7cdf) Importer(815301076,1909f56bfc062723c751e8b465ee728b)  -> (artifact id: '049cd19d18165554290e1c2b3a99b75c') in 0.050599 seconds
Number of updated asset objects reloaded before import = 0
Number of asset objects unloaded after import = 2
========================================================================
Received Import Request.
  Time since last request: 0.000016 seconds.
  path: Assets/Tree9/Leafs19.tga
  artifactKey: Guid(58552de7d543f6e4095feb3806e56f4f) Importer(815301076,1909f56bfc062723c751e8b465ee728b)
Start importing Assets/Tree9/Leafs19.tga using Guid(58552de7d543f6e4095feb3806e56f4f) Importer(815301076,1909f56bfc062723c751e8b465ee728b)  -> (artifact id: '3c36c17f83e96384fa86e74208867b20') in 0.018678 seconds
Number of updated asset objects reloaded before import = 0
Number of asset objects unloaded after import = 2
========================================================================
Received Import Request.
  Time since last request: 0.000015 seconds.
  path: Assets/Tree9/bark14_N.png
  artifactKey: Guid(81f1d63919f88a547a8d97fe857cc586) Importer(815301076,1909f56bfc062723c751e8b465ee728b)
Start importing Assets/Tree9/bark14_N.png using Guid(81f1d63919f88a547a8d97fe857cc586) Importer(815301076,1909f56bfc062723c751e8b465ee728b)  -> (artifact id: '9450eed63d6c8970eb0ea0a7dbb0e2cf') in 0.033069 seconds
Number of updated asset objects reloaded before import = 0
Number of asset objects unloaded after import = 2
========================================================================
Received Import Request.
  Time since last request: 0.000019 seconds.
  path: Assets/Tree9/Leafs19_N.png
  artifactKey: Guid(fa41cc63b7bd56f4da64009c1c218880) Importer(815301076,1909f56bfc062723c751e8b465ee728b)
Start importing Assets/Tree9/Leafs19_N.png using Guid(fa41cc63b7bd56f4da64009c1c218880) Importer(815301076,1909f56bfc062723c751e8b465ee728b)  -> (artifact id: 'dd93ac140e2b0a3019125c7ab4da654c') in 0.014759 seconds
Number of updated asset objects reloaded before import = 0
Number of asset objects unloaded after import = 2
========================================================================
Received Import Request.
  Time since last request: 0.000039 seconds.
  path: Assets/Tree9/Tree9_leafs.mat
  artifactKey: Guid(da780beb78a91484aa965294e12f428e) Importer(815301076,1909f56bfc062723c751e8b465ee728b)
Start importing Assets/Tree9/Tree9_leafs.mat using Guid(da780beb78a91484aa965294e12f428e) Importer(815301076,1909f56bfc062723c751e8b465ee728b)  -> (artifact id: 'b416e67b131218c0735f79ad11b3af34') in 0.044051 seconds
Number of updated asset objects reloaded before import = 0
Number of asset objects unloaded after import = 3
========================================================================
Received Import Request.
  Time since last request: 103.217671 seconds.
  path: Assets/Tree9/Tree9_5.prefab
  artifactKey: Guid(9b8fc966f95ea9c4194dc091fc40b478) Importer(815301076,1909f56bfc062723c751e8b465ee728b)
Start importing Assets/Tree9/Tree9_5.prefab using Guid(9b8fc966f95ea9c4194dc091fc40b478) Importer(815301076,1909f56bfc062723c751e8b465ee728b)  -> (artifact id: 'b7463bbe6d912311e4ac279dcc8c7112') in 0.062780 seconds
Number of updated asset objects reloaded before import = 0
Number of asset objects unloaded after import = 28
========================================================================
Received Import Request.
  Time since last request: 140.483843 seconds.
  path: Assets/Terrain/Terrain_0_0_166ef96f-a9dd-4379-9298-ee4cb573f359.asset
  artifactKey: Guid(1cd145b49de34294a97d614c8c90307a) Importer(815301076,1909f56bfc062723c751e8b465ee728b)
Start importing Assets/Terrain/Terrain_0_0_166ef96f-a9dd-4379-9298-ee4cb573f359.asset using Guid(1cd145b49de34294a97d614c8c90307a) Importer(815301076,1909f56bfc062723c751e8b465ee728b)  -> (artifact id: 'f9f8dd1a7e5260cb483aea611537ce12') in 0.005259 seconds
Number of updated asset objects reloaded before import = 0
Number of asset objects unloaded after import = 1
========================================================================
Received Import Request.
  Time since last request: 5.919923 seconds.
  path: Assets/XR/XRGeneralSettingsPerBuildTarget.asset
  artifactKey: Guid(44ae49a0d9e283348bc300601dfc9a8a) Importer(815301076,1909f56bfc062723c751e8b465ee728b)
Start importing Assets/XR/XRGeneralSettingsPerBuildTarget.asset using Guid(44ae49a0d9e283348bc300601dfc9a8a) Importer(815301076,1909f56bfc062723c751e8b465ee728b)  -> (artifact id: 'd062d2a9b60e58f48b2d34239f649d9a') in 0.018621 seconds
Number of updated asset objects reloaded before import = 0
Number of asset objects unloaded after import = 4
========================================================================
Received Import Request.
  Time since last request: 5.671231 seconds.
  path: Assets/Avatar/BasicMan.prefab
  artifactKey: Guid(eb93223e0d89f7b4f9c95703480fc46a) Importer(815301076,1909f56bfc062723c751e8b465ee728b)
Start importing Assets/Avatar/BasicMan.prefab using Guid(eb93223e0d89f7b4f9c95703480fc46a) Importer(815301076,1909f56bfc062723c751e8b465ee728b)  -> (artifact id: 'b37a44f749725ce998bf28f9bca9e3c1') in 0.148591 seconds
Number of updated asset objects reloaded before import = 0
Number of asset objects unloaded after import = 368
========================================================================
Received Import Request.
  Time since last request: 2.105768 seconds.
  path: Assets/Object/lambert2.mat
  artifactKey: Guid(59e976b60cf9bdc46bc77e6d843bd415) Importer(815301076,1909f56bfc062723c751e8b465ee728b)
Start importing Assets/Object/lambert2.mat using Guid(59e976b60cf9bdc46bc77e6d843bd415) Importer(815301076,1909f56bfc062723c751e8b465ee728b)  -> (artifact id: '80ef2421bfdd17709c2b9f6411d810c7') in 0.014866 seconds
Number of updated asset objects reloaded before import = 0
Number of asset objects unloaded after import = 2
========================================================================
Received Import Request.
  Time since last request: 41.517294 seconds.
  path: Assets/SteamVR/InteractionSystem/Longbow/Prefabs/Balloon.prefab
  artifactKey: Guid(8e13c6e5a21aeea4db3c25ef0e529308) Importer(815301076,1909f56bfc062723c751e8b465ee728b)
Start importing Assets/SteamVR/InteractionSystem/Longbow/Prefabs/Balloon.prefab using Guid(8e13c6e5a21aeea4db3c25ef0e529308) Importer(815301076,1909f56bfc062723c751e8b465ee728b)  -> (artifact id: '65d5d1a24d367787b5f61a7fa2bfacb8') in 0.141031 seconds
Number of updated asset objects reloaded before import = 0
Number of asset objects unloaded after import = 70
========================================================================
Received Import Request.
  Time since last request: 0.000018 seconds.
  path: Assets/SteamVR/InteractionSystem/Longbow/Prefabs/BalloonPop.prefab
  artifactKey: Guid(9d2dddaae5c812841accc43e4da1fccd) Importer(815301076,1909f56bfc062723c751e8b465ee728b)
Start importing Assets/SteamVR/InteractionSystem/Longbow/Prefabs/BalloonPop.prefab using Guid(9d2dddaae5c812841accc43e4da1fccd) Importer(815301076,1909f56bfc062723c751e8b465ee728b)  -> (artifact id: '56096b18799feaa8979326ceae9bc2a7') in 0.017652 seconds
Number of updated asset objects reloaded before import = 0
Number of asset objects unloaded after import = 38
========================================================================
Received Import Request.
  Time since last request: 0.621885 seconds.
  path: Assets/laxer tree pkg/Models/baum hd med fbx.fbx
  artifactKey: Guid(8606c21208a6abf4aa86e39e9938598b) Importer(815301076,1909f56bfc062723c751e8b465ee728b)
Start importing Assets/laxer tree pkg/Models/baum hd med fbx.fbx using Guid(8606c21208a6abf4aa86e39e9938598b) Importer(815301076,1909f56bfc062723c751e8b465ee728b)  -> (artifact id: '1eded7978ade8d17dbdd23137f1bfba3') in 0.128624 seconds
Number of updated asset objects reloaded before import = 0
Number of asset objects unloaded after import = 14
========================================================================
Received Import Request.
  Time since last request: 0.000019 seconds.
  path: Assets/laxer tree pkg/Mobile/Normal Edited/baum ld0(enhanced).prefab
  artifactKey: Guid(0cd0601cf7da9dc4f80b1d60facd05c5) Importer(815301076,1909f56bfc062723c751e8b465ee728b)
Start importing Assets/laxer tree pkg/Mobile/Normal Edited/baum ld0(enhanced).prefab using Guid(0cd0601cf7da9dc4f80b1d60facd05c5) Importer(815301076,1909f56bfc062723c751e8b465ee728b)  -> (artifact id: '5ad5cc44e650ed3a3cc1a3fd523925b9') in 0.116259 seconds
Number of updated asset objects reloaded before import = 0
Number of asset objects unloaded after import = 11
========================================================================
Received Import Request.
  Time since last request: 4.394295 seconds.
  path: Assets/laxer tree pkg/Ambient-Occlusion/baum ld2.prefab
  artifactKey: Guid(011ca9ca00b21594c8a16ee78d6a8c7c) Importer(815301076,1909f56bfc062723c751e8b465ee728b)
Start importing Assets/laxer tree pkg/Ambient-Occlusion/baum ld2.prefab using Guid(011ca9ca00b21594c8a16ee78d6a8c7c) Importer(815301076,1909f56bfc062723c751e8b465ee728b)  -> (artifact id: 'cfb15c499901badac39ddca0f1ededbf') in 0.031535 seconds
Number of updated asset objects reloaded before import = 0
Number of asset objects unloaded after import = 12
========================================================================
Received Import Request.
  Time since last request: 0.043053 seconds.
  path: Assets/laxer tree pkg/Mobile/baum ld2 mobile.prefab
  artifactKey: Guid(78fdf95c4c2d7384a8957ee310d2b067) Importer(815301076,1909f56bfc062723c751e8b465ee728b)
Start importing Assets/laxer tree pkg/Mobile/baum ld2 mobile.prefab using Guid(78fdf95c4c2d7384a8957ee310d2b067) Importer(815301076,1909f56bfc062723c751e8b465ee728b)  -> (artifact id: '3900bf724434d150607de88877bbe9e8') in 0.031643 seconds
Number of updated asset objects reloaded before import = 0
Number of asset objects unloaded after import = 11
========================================================================
Received Import Request.
  Time since last request: 221.765040 seconds.
  path: Assets/grass.terrainlayer
  artifactKey: Guid(11164934ad56b03468cde88f5adbe153) Importer(815301076,1909f56bfc062723c751e8b465ee728b)
Start importing Assets/grass.terrainlayer using Guid(11164934ad56b03468cde88f5adbe153) Importer(815301076,1909f56bfc062723c751e8b465ee728b)  -> (artifact id: '210359dce090bb999a09c59184c7004b') in 0.028067 seconds
Number of updated asset objects reloaded before import = 0
Number of asset objects unloaded after import = 2
