Using pre-set license
Built from '2022.3/staging' branch; Version is '2022.3.10f1 (ff3792e53c62) revision 16725906'; Using compiler version '192829333'; Build Type 'Release'
OS: 'Windows 11  (10.0.22631) 64bit Core' Language: 'ja' Physical Memory: 16124 MB
BatchMode: 1, IsHumanControllingUs: 0, StartBugReporterOnCrash: 0, Is64bit: 1, IsPro: 1

COMMAND LINE ARGUMENTS:
C:\Program Files\Unity\Hub\Editor\2022.3.10f1\Editor\Unity.exe
-adb2
-batchMode
-noUpm
-name
AssetImportWorker3
-projectPath
C:/Users/rui02/unity_project/IVRC/IVRC
-logFile
Logs/AssetImportWorker3.log
-srvPort
51595
Successfully changed project path to: C:/Users/rui02/unity_project/IVRC/IVRC
C:/Users/rui02/unity_project/IVRC/IVRC
[UnityMemory] Configuration Parameters - Can be set up in boot.config
    "memorysetup-bucket-allocator-granularity=16"
    "memorysetup-bucket-allocator-bucket-count=8"
    "memorysetup-bucket-allocator-block-size=33554432"
    "memorysetup-bucket-allocator-block-count=8"
    "memorysetup-main-allocator-block-size=16777216"
    "memorysetup-thread-allocator-block-size=16777216"
    "memorysetup-gfx-main-allocator-block-size=16777216"
    "memorysetup-gfx-thread-allocator-block-size=16777216"
    "memorysetup-cache-allocator-block-size=4194304"
    "memorysetup-typetree-allocator-block-size=2097152"
    "memorysetup-profiler-bucket-allocator-granularity=16"
    "memorysetup-profiler-bucket-allocator-bucket-count=8"
    "memorysetup-profiler-bucket-allocator-block-size=33554432"
    "memorysetup-profiler-bucket-allocator-block-count=8"
    "memorysetup-profiler-allocator-block-size=16777216"
    "memorysetup-profiler-editor-allocator-block-size=1048576"
    "memorysetup-temp-allocator-size-main=16777216"
    "memorysetup-job-temp-allocator-block-size=2097152"
    "memorysetup-job-temp-allocator-block-size-background=1048576"
    "memorysetup-job-temp-allocator-reduction-small-platforms=262144"
    "memorysetup-allocator-temp-initial-block-size-main=262144"
    "memorysetup-allocator-temp-initial-block-size-worker=262144"
    "memorysetup-temp-allocator-size-background-worker=32768"
    "memorysetup-temp-allocator-size-job-worker=262144"
    "memorysetup-temp-allocator-size-preload-manager=33554432"
    "memorysetup-temp-allocator-size-nav-mesh-worker=65536"
    "memorysetup-temp-allocator-size-audio-worker=65536"
    "memorysetup-temp-allocator-size-cloud-worker=32768"
    "memorysetup-temp-allocator-size-gi-baking-worker=262144"
    "memorysetup-temp-allocator-size-gfx=262144"
Player connection [31412] Host "[IP] 192.168.11.143 [Port] 0 [Flags] 2 [Guid] 3515626123 [EditorId] 3515626123 [Version] 1048832 [Id] WindowsEditor(7,YamaguchiRui) [Debug] 1 [PackageName] WindowsEditor [ProjectName] Editor" joined multi-casting on [225.0.0.222:54997]...

Player connection [31412] Host "[IP] 192.168.11.143 [Port] 0 [Flags] 2 [Guid] 3515626123 [EditorId] 3515626123 [Version] 1048832 [Id] WindowsEditor(7,YamaguchiRui) [Debug] 1 [PackageName] WindowsEditor [ProjectName] Editor" joined alternative multi-casting on [225.0.0.222:34997]...

[Physics::Module] Initialized MultithreadedJobDispatcher with 19 workers.
Refreshing native plugins compatible for Editor in 31.19 ms, found 6 plugins.
Preloading 0 native plugins for Editor in 0.00 ms.
Initialize engine version: 2022.3.10f1 (ff3792e53c62)
[Subsystems] Discovering subsystems at path C:/Program Files/Unity/Hub/Editor/2022.3.10f1/Editor/Data/Resources/UnitySubsystems
[Subsystems] Discovering subsystems at path C:/Users/rui02/unity_project/IVRC/IVRC/Assets
GfxDevice: creating device client; threaded=0; jobified=0
Direct3D:
    Version:  Direct3D 11.0 [level 11.1]
    Renderer: NVIDIA GeForce RTX 3060 Laptop GPU (ID=0x2520)
    Vendor:   NVIDIA
    VRAM:     5996 MB
    Driver:   32.0.15.6081
Initialize mono
Mono path[0] = 'C:/Program Files/Unity/Hub/Editor/2022.3.10f1/Editor/Data/Managed'
Mono path[1] = 'C:/Program Files/Unity/Hub/Editor/2022.3.10f1/Editor/Data/MonoBleedingEdge/lib/mono/unityjit-win32'
Mono config path = 'C:/Program Files/Unity/Hub/Editor/2022.3.10f1/Editor/Data/MonoBleedingEdge/etc'
Using monoOptions --debugger-agent=transport=dt_socket,embedding=1,server=y,suspend=n,address=127.0.0.1:56568
Begin MonoManager ReloadAssembly
Registering precompiled unity dll's ...
Register platform support module: C:/Program Files/Unity/Hub/Editor/2022.3.10f1/Editor/Data/PlaybackEngines/WebGLSupport/UnityEditor.WebGL.Extensions.dll
Register platform support module: C:/Program Files/Unity/Hub/Editor/2022.3.10f1/Editor/Data/PlaybackEngines/WindowsStandaloneSupport/UnityEditor.WindowsStandalone.Extensions.dll
Registered in 0.004710 seconds.
- Loaded All Assemblies, in  0.335 seconds
Native extension for WindowsStandalone target not found
Native extension for WebGL target not found
Mono: successfully reloaded assembly
- Finished resetting the current domain, in  0.211 seconds
Domain Reload Profiling: 545ms
	BeginReloadAssembly (133ms)
		ExecutionOrderSort (0ms)
		DisableScriptedObjects (0ms)
		BackupInstance (0ms)
		ReleaseScriptingObjects (0ms)
		CreateAndSetChildDomain (1ms)
	RebuildCommonClasses (28ms)
	RebuildNativeTypeToScriptingClass (9ms)
	initialDomainReloadingComplete (46ms)
	LoadAllAssembliesAndSetupDomain (117ms)
		LoadAssemblies (132ms)
		RebuildTransferFunctionScriptingTraits (0ms)
		AnalyzeDomain (115ms)
			TypeCache.Refresh (114ms)
				TypeCache.ScanAssembly (104ms)
			ScanForSourceGeneratedMonoScriptInfo (0ms)
			ResolveRequiredComponents (1ms)
	FinalizeReload (211ms)
		ReleaseScriptCaches (0ms)
		RebuildScriptCaches (0ms)
		SetupLoadedEditorAssemblies (163ms)
			LogAssemblyErrors (0ms)
			InitializePlatformSupportModulesInManaged (8ms)
			SetLoadedEditorAssemblies (4ms)
			RefreshPlugins (0ms)
			BeforeProcessingInitializeOnLoad (2ms)
			ProcessInitializeOnLoadAttributes (107ms)
			ProcessInitializeOnLoadMethodAttributes (41ms)
			AfterProcessingInitializeOnLoad (0ms)
			EditorAssembliesLoaded (0ms)
		ExecutionOrderSort2 (0ms)
		AwakeInstancesAfterBackupRestoration (0ms)
========================================================================
Worker process is ready to serve import requests
Begin MonoManager ReloadAssembly
Symbol file data-000001A68DD6D020 doesn't match image C:\Users\rui02\unity_project\IVRC\IVRC\Library\ScriptAssemblies\UniHumanoid.Editor.dll
Symbol file LoadedFromMemory is not a mono symbol file
Symbol file data-000001A68DD71A30 doesn't match image C:\Users\rui02\unity_project\IVRC\IVRC\Library\ScriptAssemblies\Unity.XR.Management.dll
Symbol file LoadedFromMemory is not a mono symbol file
Symbol file data-000001A68DD90840 doesn't match image C:\Users\rui02\unity_project\IVRC\IVRC\Library\ScriptAssemblies\UniHumanoid.Editor.Tests.dll
Symbol file LoadedFromMemory is not a mono symbol file
Symbol file data-000001A68DDAB450 doesn't match image C:\Users\rui02\unity_project\IVRC\IVRC\Library\ScriptAssemblies\Unity.VisualEffectGraph.Runtime.dll
Symbol file LoadedFromMemory is not a mono symbol file
Symbol file data-000001A66BAD6010 doesn't match image C:\Users\rui02\unity_project\IVRC\IVRC\Library\ScriptAssemblies\Unity.RenderPipelines.Core.Runtime.dll
Symbol file LoadedFromMemory is not a mono symbol file
Symbol file data-000001A68DDC2B20 doesn't match image C:\Users\rui02\unity_project\IVRC\IVRC\Library\ScriptAssemblies\Unity.Burst.Editor.dll
Symbol file LoadedFromMemory is not a mono symbol file
Symbol file data-000001A66BB13020 doesn't match image C:\Users\rui02\unity_project\IVRC\IVRC\Library\ScriptAssemblies\SteamVR.dll
Symbol file LoadedFromMemory is not a mono symbol file
Symbol file data-000001A66AE7F690 doesn't match image C:\Users\rui02\unity_project\IVRC\IVRC\Library\ScriptAssemblies\SteamVR_Actions.dll
Symbol file LoadedFromMemory is not a mono symbol file
Symbol file data-000001A66AE7F690 doesn't match image C:\Users\rui02\unity_project\IVRC\IVRC\Library\ScriptAssemblies\VRMShaders.GLTF.UniUnlit.Runtime.dll
Symbol file LoadedFromMemory is not a mono symbol file
Symbol file data-000001A66AE7F690 doesn't match image C:\Users\rui02\unity_project\IVRC\IVRC\Library\ScriptAssemblies\SteamVR_Windows_EditorHelper.dll
Symbol file LoadedFromMemory is not a mono symbol file
Symbol file data-000001A68DBC4E40 doesn't match image C:\Users\rui02\unity_project\IVRC\IVRC\Library\ScriptAssemblies\UniGLTF.dll
Symbol file LoadedFromMemory is not a mono symbol file
Symbol file data-000001A66B99B030 doesn't match image C:\Users\rui02\unity_project\IVRC\IVRC\Library\ScriptAssemblies\Unity.Rider.Editor.dll
Symbol file LoadedFromMemory is not a mono symbol file
Symbol file data-000001A66B99B030 doesn't match image C:\Users\rui02\unity_project\IVRC\IVRC\Library\ScriptAssemblies\VRMShaders.VRM10.MToon10.Tests.dll
Symbol file LoadedFromMemory is not a mono symbol file
Symbol file data-000001A66BB13020 doesn't match image C:\Users\rui02\unity_project\IVRC\IVRC\Library\ScriptAssemblies\Unity.RenderPipelines.Core.Editor.dll
Symbol file LoadedFromMemory is not a mono symbol file
Symbol file data-000001A68D17A010 doesn't match image C:\Users\rui02\unity_project\IVRC\IVRC\Library\ScriptAssemblies\Unity.VisualEffectGraph.Editor.dll
Symbol file LoadedFromMemory is not a mono symbol file
Symbol file data-000001A66AF3EC20 doesn't match image C:\Users\rui02\unity_project\IVRC\IVRC\Library\ScriptAssemblies\UnityEditor.TestRunner.dll
Symbol file LoadedFromMemory is not a mono symbol file
Symbol file data-000001A68D57E010 doesn't match image C:\Users\rui02\unity_project\IVRC\IVRC\Library\ScriptAssemblies\Unity.VisualScripting.Flow.dll
Symbol file LoadedFromMemory is not a mono symbol file
Symbol file data-000001A66B9A0C40 doesn't match image C:\Users\rui02\unity_project\IVRC\IVRC\Library\ScriptAssemblies\Unity.Mathematics.Editor.dll
Symbol file LoadedFromMemory is not a mono symbol file
Symbol file data-000001A66B9A0C40 doesn't match image C:\Users\rui02\unity_project\IVRC\IVRC\Library\ScriptAssemblies\Unity.TestTools.CodeCoverage.Editor.OpenCover.Mono.Reflection.dll
Symbol file LoadedFromMemory is not a mono symbol file
Symbol file data-000001A66B9A0C40 doesn't match image C:\Users\rui02\unity_project\IVRC\IVRC\Library\ScriptAssemblies\VRMShaders.VRM10.MToon10.Editor.dll
Symbol file LoadedFromMemory is not a mono symbol file
Symbol file data-000001A66BB4A630 doesn't match image C:\Users\rui02\unity_project\IVRC\IVRC\Library\ScriptAssemblies\UniGLTF.Utils.dll
Symbol file LoadedFromMemory is not a mono symbol file
Symbol file data-000001A66BB4A630 doesn't match image C:\Users\rui02\unity_project\IVRC\IVRC\Library\ScriptAssemblies\Unity.RenderPipelines.HighDefinition.Config.Runtime.dll
Symbol file LoadedFromMemory is not a mono symbol file
Symbol file data-000001A66B9A0C40 doesn't match image C:\Users\rui02\unity_project\IVRC\IVRC\Library\ScriptAssemblies\MToon.Editor.dll
Symbol file LoadedFromMemory is not a mono symbol file
Symbol file data-000001A66AF3EC20 doesn't match image C:\Users\rui02\unity_project\IVRC\IVRC\Library\ScriptAssemblies\Unity.Performance.Profile-Analyzer.Editor.dll
Symbol file LoadedFromMemory is not a mono symbol file
Symbol file data-000001A66BB4A630 doesn't match image C:\Users\rui02\unity_project\IVRC\IVRC\Library\ScriptAssemblies\Unity.RenderPipelines.Core.ShaderLibrary.dll
Symbol file LoadedFromMemory is not a mono symbol file
Symbol file data-000001A68DDD2B30 doesn't match image C:\Users\rui02\unity_project\IVRC\IVRC\Library\ScriptAssemblies\Unity.XR.Management.Editor.dll
Symbol file LoadedFromMemory is not a mono symbol file
Symbol file data-000001A66BB4A630 doesn't match image C:\Users\rui02\unity_project\IVRC\IVRC\Library\ScriptAssemblies\VRMShaders.VRM.IO.Runtime.dll
Symbol file LoadedFromMemory is not a mono symbol file
Symbol file data-000001A66B617830 doesn't match image C:\Users\rui02\unity_project\IVRC\IVRC\Library\ScriptAssemblies\Unity.TestTools.CodeCoverage.Editor.dll
Symbol file LoadedFromMemory is not a mono symbol file
Symbol file data-000001A66B617830 doesn't match image C:\Users\rui02\unity_project\IVRC\IVRC\Library\ScriptAssemblies\VRM.dll
Symbol file LoadedFromMemory is not a mono symbol file
Symbol file data-000001A66BB4A630 doesn't match image C:\Users\rui02\unity_project\IVRC\IVRC\Library\ScriptAssemblies\VRMShaders.GLTF.UniUnlit.Editor.dll
Symbol file LoadedFromMemory is not a mono symbol file
Symbol file data-000001A66BB4A630 doesn't match image C:\Users\rui02\unity_project\IVRC\IVRC\Library\ScriptAssemblies\PPv2URPConverters.dll
Symbol file LoadedFromMemory is not a mono symbol file
Symbol file data-000001A68E5A5C90 doesn't match image C:\Users\rui02\unity_project\IVRC\IVRC\Library\ScriptAssemblies\Unity.XR.OpenVR.dll
Symbol file LoadedFromMemory is not a mono symbol file
Symbol file data-000001A68E5A5C90 doesn't match image C:\Users\rui02\unity_project\IVRC\IVRC\Library\ScriptAssemblies\Unity.Settings.Editor.dll
Symbol file LoadedFromMemory is not a mono symbol file
Symbol file data-000001A68D5E9A30 doesn't match image C:\Users\rui02\unity_project\IVRC\IVRC\Library\ScriptAssemblies\Unity.TextMeshPro.dll
Symbol file LoadedFromMemory is not a mono symbol file
Symbol file data-000001A66BB4A630 doesn't match image C:\Users\rui02\unity_project\IVRC\IVRC\Library\ScriptAssemblies\VRMShaders.VRM10.Format.Runtime.dll
Symbol file LoadedFromMemory is not a mono symbol file
Symbol file data-000001A68E5A5C90 doesn't match image C:\Users\rui02\unity_project\IVRC\IVRC\Library\ScriptAssemblies\Unity.Burst.CodeGen.dll
Symbol file LoadedFromMemory is not a mono symbol file
Symbol file data-000001A68D5E9A30 doesn't match image C:\Users\rui02\unity_project\IVRC\IVRC\Library\ScriptAssemblies\Unity.VSCode.Editor.dll
Symbol file LoadedFromMemory is not a mono symbol file
Symbol file data-000001A68D1DB420 doesn't match image C:\Users\rui02\unity_project\IVRC\IVRC\Library\ScriptAssemblies\UniGLTF.Editor.dll
Symbol file LoadedFromMemory is not a mono symbol file
Symbol file data-000001A68D1DB420 doesn't match image C:\Users\rui02\unity_project\IVRC\IVRC\Library\ScriptAssemblies\Unity.RenderPipelines.Universal.Editor.dll
Symbol file LoadedFromMemory is not a mono symbol file
Symbol file data-000001A66B9BE1B0 doesn't match image C:\Users\rui02\unity_project\IVRC\IVRC\Library\ScriptAssemblies\Unity.RenderPipelines.HighDefinition.Editor.dll
Symbol file LoadedFromMemory is not a mono symbol file
Symbol file data-000001A66B9A0C40 doesn't match image C:\Users\rui02\unity_project\IVRC\IVRC\Library\ScriptAssemblies\VRM.Samples.Editor.Tests.dll
Symbol file LoadedFromMemory is not a mono symbol file
Symbol file data-000001A66BB4A630 doesn't match image C:\Users\rui02\unity_project\IVRC\IVRC\Library\ScriptAssemblies\Unity.RenderPipelines.ShaderGraph.ShaderGraphLibrary.dll
Symbol file LoadedFromMemory is not a mono symbol file
Symbol file data-000001A66B9A0C40 doesn't match image C:\Users\rui02\unity_project\IVRC\IVRC\Library\ScriptAssemblies\Unity.EditorCoroutines.Editor.dll
Symbol file LoadedFromMemory is not a mono symbol file
Symbol file data-000001A68D615040 doesn't match image C:\Users\rui02\unity_project\IVRC\IVRC\Library\ScriptAssemblies\FastSpringBone.dll
Symbol file LoadedFromMemory is not a mono symbol file
Symbol file data-000001A68D1DB420 doesn't match image C:\Users\rui02\unity_project\IVRC\IVRC\Library\ScriptAssemblies\Unity.TerrainTools.Editor.dll
Symbol file LoadedFromMemory is not a mono symbol file
Symbol file data-000001A66BA361C0 doesn't match image C:\Users\rui02\unity_project\IVRC\IVRC\Library\ScriptAssemblies\Unity.RenderPipelines.Universal.Runtime.dll
Symbol file LoadedFromMemory is not a mono symbol file
Symbol file data-000001A68D615040 doesn't match image C:\Users\rui02\unity_project\IVRC\IVRC\Library\ScriptAssemblies\MToon.dll
Symbol file LoadedFromMemory is not a mono symbol file
Symbol file data-000001A68D88EC30 doesn't match image C:\Users\rui02\unity_project\IVRC\IVRC\Library\ScriptAssemblies\UniHumanoid.dll
Symbol file LoadedFromMemory is not a mono symbol file
Symbol file data-000001A66B8370C0 doesn't match image C:\Users\rui02\unity_project\IVRC\IVRC\Library\ScriptAssemblies\Unity.Burst.dll
Symbol file LoadedFromMemory is not a mono symbol file
Symbol file data-000001A68D2166F0 doesn't match image C:\Users\rui02\unity_project\IVRC\IVRC\Library\ScriptAssemblies\UnityEngine.XR.LegacyInputHelpers.dll
Symbol file LoadedFromMemory is not a mono symbol file
Symbol file data-000001A68D88EC30 doesn't match image C:\Users\rui02\unity_project\IVRC\IVRC\Library\ScriptAssemblies\UniGLTF.Tests.dll
Symbol file LoadedFromMemory is not a mono symbol file
Symbol file data-000001A66BA8B3D0 doesn't match image C:\Users\rui02\unity_project\IVRC\IVRC\Library\ScriptAssemblies\VRMShaders.GLTF.IO.Runtime.dll
Symbol file LoadedFromMemory is not a mono symbol file
Symbol file data-000001A66B8370C0 doesn't match image C:\Users\rui02\unity_project\IVRC\IVRC\Library\ScriptAssemblies\Unity.Timeline.Editor.dll
Symbol file LoadedFromMemory is not a mono symbol file
Symbol file data-000001A68D2166F0 doesn't match image C:\Users\rui02\unity_project\IVRC\IVRC\Library\ScriptAssemblies\Unity.VisualScripting.Shared.Editor.dll
Symbol file LoadedFromMemory is not a mono symbol file
Symbol file data-000001A66BB4A630 doesn't match image C:\Users\rui02\unity_project\IVRC\IVRC\Library\ScriptAssemblies\Unity.TerrainTools.dll
Symbol file LoadedFromMemory is not a mono symbol file
Symbol file data-000001A66B8370C0 doesn't match image C:\Users\rui02\unity_project\IVRC\IVRC\Library\ScriptAssemblies\Unity.PlasticSCM.Editor.dll
Symbol file LoadedFromMemory is not a mono symbol file
Symbol file data-000001A66BB4A630 doesn't match image C:\Users\rui02\unity_project\IVRC\IVRC\Library\ScriptAssemblies\Unity.CollabProxy.Editor.dll
Symbol file LoadedFromMemory is not a mono symbol file
Symbol file data-000001A66BB4A630 doesn't match image C:\Users\rui02\unity_project\IVRC\IVRC\Library\ScriptAssemblies\UnityEditor.SpatialTracking.dll
Symbol file LoadedFromMemory is not a mono symbol file
Symbol file data-000001A68D726820 doesn't match image C:\Users\rui02\unity_project\IVRC\IVRC\Library\ScriptAssemblies\UniVRM.Editor.dll
Symbol file LoadedFromMemory is not a mono symbol file
Symbol file data-000001A66B1F0DF0 doesn't match image C:\Users\rui02\unity_project\IVRC\IVRC\Library\ScriptAssemblies\Unity.ShaderGraph.Editor.dll
Symbol file LoadedFromMemory is not a mono symbol file
Symbol file data-000001A68D726820 doesn't match image C:\Users\rui02\unity_project\IVRC\IVRC\Library\ScriptAssemblies\Unity.VisualStudio.Editor.dll
Symbol file LoadedFromMemory is not a mono symbol file
Symbol file data-000001A68D726820 doesn't match image C:\Users\rui02\unity_project\IVRC\IVRC\Library\ScriptAssemblies\UnityEditor.UI.dll
Symbol file LoadedFromMemory is not a mono symbol file
Symbol file data-000001A66B1F0DF0 doesn't match image C:\Users\rui02\unity_project\IVRC\IVRC\Library\ScriptAssemblies\Unity.VisualScripting.Core.dll
Symbol file LoadedFromMemory is not a mono symbol file
Symbol file data-000001A68D726820 doesn't match image C:\Users\rui02\unity_project\IVRC\IVRC\Library\ScriptAssemblies\SteamVR_Input_Editor.dll
Symbol file LoadedFromMemory is not a mono symbol file
Symbol file data-000001A66B207C00 doesn't match image C:\Users\rui02\unity_project\IVRC\IVRC\Library\ScriptAssemblies\Unity.VisualScripting.Core.Editor.dll
Symbol file LoadedFromMemory is not a mono symbol file
Symbol file data-000001A68D726820 doesn't match image C:\Users\rui02\unity_project\IVRC\IVRC\Library\ScriptAssemblies\UnityEngine.SpatialTracking.dll
Symbol file LoadedFromMemory is not a mono symbol file
Symbol file data-000001A66B249410 doesn't match image C:\Users\rui02\unity_project\IVRC\IVRC\Library\ScriptAssemblies\UnityEngine.UI.dll
Symbol file LoadedFromMemory is not a mono symbol file
Symbol file data-000001A68D726820 doesn't match image C:\Users\rui02\unity_project\IVRC\IVRC\Library\ScriptAssemblies\VRMShaders.GLTF.IO.Tests.dll
Symbol file LoadedFromMemory is not a mono symbol file
Symbol file data-000001A68D72E430 doesn't match image C:\Users\rui02\unity_project\IVRC\IVRC\Library\ScriptAssemblies\UnityEditor.XR.LegacyInputHelpers.dll
Symbol file LoadedFromMemory is not a mono symbol file
Symbol file data-000001A66B88EB00 doesn't match image C:\Users\rui02\unity_project\IVRC\IVRC\Library\ScriptAssemblies\SteamVR_Editor.dll
Symbol file LoadedFromMemory is not a mono symbol file
Symbol file data-000001A66B29C220 doesn't match image C:\Users\rui02\unity_project\IVRC\IVRC\Library\ScriptAssemblies\Unity.VisualScripting.Flow.Editor.dll
Symbol file LoadedFromMemory is not a mono symbol file
Symbol file data-000001A66BB4A630 doesn't match image C:\Users\rui02\unity_project\IVRC\IVRC\Library\ScriptAssemblies\Unity.RenderPipeline.Universal.ShaderLibrary.dll
Symbol file LoadedFromMemory is not a mono symbol file
Symbol file data-000001A68D9A0E20 doesn't match image C:\Users\rui02\unity_project\IVRC\IVRC\Library\ScriptAssemblies\Unity.Timeline.dll
Symbol file LoadedFromMemory is not a mono symbol file
Symbol file data-000001A66B88EB00 doesn't match image C:\Users\rui02\unity_project\IVRC\IVRC\Library\ScriptAssemblies\Unity.XR.OpenVR.Editor.dll
Symbol file LoadedFromMemory is not a mono symbol file
Symbol file data-000001A68D72E430 doesn't match image C:\Users\rui02\unity_project\IVRC\IVRC\Library\ScriptAssemblies\VRMShaders.VRM10.MToon10.Runtime.dll
Symbol file LoadedFromMemory is not a mono symbol file
Symbol file data-000001A68D72E430 doesn't match image C:\Users\rui02\unity_project\IVRC\IVRC\Library\ScriptAssemblies\Unity.VisualScripting.SettingsProvider.Editor.dll
Symbol file LoadedFromMemory is not a mono symbol file
Symbol file data-000001A66B2C0030 doesn't match image C:\Users\rui02\unity_project\IVRC\IVRC\Library\ScriptAssemblies\Unity.TestTools.CodeCoverage.Editor.OpenCover.Model.dll
Symbol file LoadedFromMemory is not a mono symbol file
Symbol file data-000001A66B2C0030 doesn't match image C:\Users\rui02\unity_project\IVRC\IVRC\Library\ScriptAssemblies\VRMShaders.GLTF.IO.Editor.dll
Symbol file LoadedFromMemory is not a mono symbol file
Symbol file data-000001A68D9D1C40 doesn't match image C:\Users\rui02\unity_project\IVRC\IVRC\Library\ScriptAssemblies\UnityEngine.TestRunner.dll
Symbol file LoadedFromMemory is not a mono symbol file
Symbol file data-000001A68D9D1C40 doesn't match image C:\Users\rui02\unity_project\IVRC\IVRC\Library\ScriptAssemblies\Unity.VisualScripting.State.Editor.dll
Symbol file LoadedFromMemory is not a mono symbol file
Symbol file data-000001A68F087250 doesn't match image C:\Users\rui02\unity_project\IVRC\IVRC\Library\ScriptAssemblies\Unity.Mathematics.dll
Symbol file LoadedFromMemory is not a mono symbol file
Symbol file data-000001A66B2C8040 doesn't match image C:\Users\rui02\unity_project\IVRC\IVRC\Library\ScriptAssemblies\Unity.RenderPipelines.Universal.Shaders.dll
Symbol file LoadedFromMemory is not a mono symbol file
Symbol file data-000001A68F0BFC60 doesn't match image C:\Users\rui02\unity_project\IVRC\IVRC\Library\ScriptAssemblies\Unity.TextMeshPro.Editor.dll
Symbol file LoadedFromMemory is not a mono symbol file
Symbol file data-000001A68F0BFC60 doesn't match image C:\Users\rui02\unity_project\IVRC\IVRC\Library\ScriptAssemblies\Unity.Searcher.Editor.dll
Symbol file LoadedFromMemory is not a mono symbol file
Symbol file data-000001A68F0C7C70 doesn't match image C:\Users\rui02\unity_project\IVRC\IVRC\Library\ScriptAssemblies\Unity.VisualScripting.State.dll
Symbol file LoadedFromMemory is not a mono symbol file
Symbol file data-000001A66B2C8040 doesn't match image C:\Users\rui02\unity_project\IVRC\IVRC\Library\ScriptAssemblies\Unity.ShaderGraph.Utilities.dll
Symbol file LoadedFromMemory is not a mono symbol file
Symbol file data-000001A68F114A80 doesn't match image C:\Users\rui02\unity_project\IVRC\IVRC\Library\ScriptAssemblies\Unity.RenderPipelines.HighDefinition.Runtime.dll
Symbol file LoadedFromMemory is not a mono symbol file
Symbol file data-000001A68F11D890 doesn't match image C:\Users\rui02\unity_project\IVRC\IVRC\Library\ScriptAssemblies\VRM.Tests.dll
Symbol file LoadedFromMemory is not a mono symbol file
- Loaded All Assemblies, in  0.752 seconds
Refreshing native plugins compatible for Editor in 3.99 ms, found 6 plugins.
Native extension for WindowsStandalone target not found
Native extension for WebGL target not found
Package Manager log level set to [2]
[Package Manager] Server::EnsureServerProcessIsRunning -- launch failed, reason: Unity was launched with the -noUpm command-line argument
[Package Manager] UpmClient::Send -- Unable to send message (not connected to UPM process).
[Package Manager] Cannot connect to Unity Package Manager local server
[Package Manager] Server::EnsureServerProcessIsRunning -- launch failed, reason: Unity was launched with the -noUpm command-line argument
[Package Manager] UpmClient::Send -- Unable to send message (not connected to UPM process).
[Package Manager] Cannot connect to Unity Package Manager local server
Mono: successfully reloaded assembly
[Package Manager] Server::EnsureServerProcessIsRunning -- launch failed, reason: Unity was launched with the -noUpm command-line argument
[Package Manager] UpmClient::Send -- Unable to send message (not connected to UPM process).
[Package Manager] Cannot connect to Unity Package Manager local server
[Package Manager] Server::EnsureServerProcessIsRunning -- launch failed, reason: Unity was launched with the -noUpm command-line argument
[Package Manager] UpmClient::Send -- Unable to send message (not connected to UPM process).
[Package Manager] Cannot connect to Unity Package Manager local server
- Finished resetting the current domain, in  0.666 seconds
Domain Reload Profiling: 1413ms
	BeginReloadAssembly (102ms)
		ExecutionOrderSort (0ms)
		DisableScriptedObjects (4ms)
		BackupInstance (0ms)
		ReleaseScriptingObjects (0ms)
		CreateAndSetChildDomain (15ms)
	RebuildCommonClasses (22ms)
	RebuildNativeTypeToScriptingClass (7ms)
	initialDomainReloadingComplete (28ms)
	LoadAllAssembliesAndSetupDomain (589ms)
		LoadAssemblies (415ms)
		RebuildTransferFunctionScriptingTraits (0ms)
		AnalyzeDomain (233ms)
			TypeCache.Refresh (187ms)
				TypeCache.ScanAssembly (172ms)
			ScanForSourceGeneratedMonoScriptInfo (33ms)
			ResolveRequiredComponents (12ms)
	FinalizeReload (666ms)
		ReleaseScriptCaches (0ms)
		RebuildScriptCaches (0ms)
		SetupLoadedEditorAssemblies (504ms)
			LogAssemblyErrors (0ms)
			InitializePlatformSupportModulesInManaged (5ms)
			SetLoadedEditorAssemblies (5ms)
			RefreshPlugins (0ms)
			BeforeProcessingInitializeOnLoad (73ms)
			ProcessInitializeOnLoadAttributes (393ms)
			ProcessInitializeOnLoadMethodAttributes (25ms)
			AfterProcessingInitializeOnLoad (3ms)
			EditorAssembliesLoaded (0ms)
		ExecutionOrderSort2 (0ms)
		AwakeInstancesAfterBackupRestoration (4ms)
Launched and connected shader compiler UnityShaderCompiler.exe after 0.04 seconds
Refreshing native plugins compatible for Editor in 3.61 ms, found 6 plugins.
Preloading 0 native plugins for Editor in 0.00 ms.
Unloading 8119 Unused Serialized files (Serialized files now loaded: 0)
Unloading 263 unused Assets / (14.9 MB). Loaded Objects now: 8490.
Memory consumption went from 356.6 MB to 341.8 MB.
Total: 5.193100 ms (FindLiveObjects: 0.384800 ms CreateObjectMapping: 0.262700 ms MarkObjects: 2.615800 ms  DeleteObjects: 1.929100 ms)

AssetImportParameters requested are different than current active one (requested -> active):
  custom:container-demuxer-ogg: 62fdf1f143b41e24485cea50d1cbac27 -> 
  custom:framework-win-MediaFoundation: 216162199b28c13a410421893ffa2e32 -> 
  custom:container-muxer-webm: aa71ff27fc2769a1b78a27578f13a17b -> 
  custom:video-decoder-webm-vp8: 9c59270c3fd7afecdb556c50c9e8de78 -> 
  custom:SearchIndexIgnoredProperties: e643bd26f0fe6173181afceb89e7c659 -> 
  custom:AudioImporter_EditorPlatform: d09bf68614088b80899f8185d706f6e7 -> 
  custom:audio-decoder-ogg-vorbis: bf7c407c2cedff20999df2af8eb42d56 -> 
  custom:audio-encoder-webm-vorbis: bf7c407c2cedff20999df2af8eb42d56 -> 
  custom:video-codec-MediaFoundation-h265: 746d11721c4dcdbdad8f713fa42b33f4 -> 
  custom:video-decoder-ogg-theora: a1e56fd34408186e4bbccfd4996cb3dc -> 
  custom:CustomObjectIndexerAttribute: a3ef5dd2817f97addfee359851a9dba5 -> 
  custom:container-demuxer-webm: 4f35f7cbe854078d1ac9338744f61a02 -> 
  custom:video-encoder-webm-vp8: eb34c28f22e8b96e1ab97ce403110664 -> 
========================================================================
Received Import Request.
  Time since last request: 94300.832765 seconds.
  path: Assets/TowelCloud/daylight_clearB/daylight_clearB_skyColor.png
  artifactKey: Guid(dcfa1e06427904d44b0ffc83df868dc0) Importer(815301076,1909f56bfc062723c751e8b465ee728b)
Start importing Assets/TowelCloud/daylight_clearB/daylight_clearB_skyColor.png using Guid(dcfa1e06427904d44b0ffc83df868dc0) Importer(815301076,1909f56bfc062723c751e8b465ee728b)  -> (artifact id: 'dd7a2594a00a7c9ba17e3515db8173c3') in 0.052170 seconds
Number of updated asset objects reloaded before import = 0
Number of asset objects unloaded after import = 2
Editor requested this worker to shutdown with reason: Scaling down because of idle timeout
TcpMessagingSession - receive error: operation aborted. errorcode: 995, details: スレッドの終了またはアプリケーションの要求によって、I/O 処理は中止されました。
AssetImportWorker is now disconnected from the server
Process exiting
Exiting without the bug reporter. Application will terminate with return code 0