Using pre-set license
Built from '2022.3/staging' branch; Version is '2022.3.10f1 (ff3792e53c62) revision 16725906'; Using compiler version '192829333'; Build Type 'Release'
OS: 'Windows 11  (10.0.22631) 64bit Core' Language: 'ja' Physical Memory: 16124 MB
BatchMode: 1, IsHumanControllingUs: 0, StartBugReporterOnCrash: 0, Is64bit: 1, IsPro: 1

COMMAND LINE ARGUMENTS:
C:\Program Files\Unity\Hub\Editor\2022.3.10f1\Editor\Unity.exe
-adb2
-batchMode
-noUpm
-name
AssetImportWorker6
-projectPath
C:/Users/rui02/unity_project/IVRC/IVRC
-logFile
Logs/AssetImportWorker6.log
-srvPort
51595
Successfully changed project path to: C:/Users/rui02/unity_project/IVRC/IVRC
C:/Users/rui02/unity_project/IVRC/IVRC
[UnityMemory] Configuration Parameters - Can be set up in boot.config
    "memorysetup-bucket-allocator-granularity=16"
    "memorysetup-bucket-allocator-bucket-count=8"
    "memorysetup-bucket-allocator-block-size=33554432"
    "memorysetup-bucket-allocator-block-count=8"
    "memorysetup-main-allocator-block-size=16777216"
    "memorysetup-thread-allocator-block-size=16777216"
    "memorysetup-gfx-main-allocator-block-size=16777216"
    "memorysetup-gfx-thread-allocator-block-size=16777216"
    "memorysetup-cache-allocator-block-size=4194304"
    "memorysetup-typetree-allocator-block-size=2097152"
    "memorysetup-profiler-bucket-allocator-granularity=16"
    "memorysetup-profiler-bucket-allocator-bucket-count=8"
    "memorysetup-profiler-bucket-allocator-block-size=33554432"
    "memorysetup-profiler-bucket-allocator-block-count=8"
    "memorysetup-profiler-allocator-block-size=16777216"
    "memorysetup-profiler-editor-allocator-block-size=1048576"
    "memorysetup-temp-allocator-size-main=16777216"
    "memorysetup-job-temp-allocator-block-size=2097152"
    "memorysetup-job-temp-allocator-block-size-background=1048576"
    "memorysetup-job-temp-allocator-reduction-small-platforms=262144"
    "memorysetup-allocator-temp-initial-block-size-main=262144"
    "memorysetup-allocator-temp-initial-block-size-worker=262144"
    "memorysetup-temp-allocator-size-background-worker=32768"
    "memorysetup-temp-allocator-size-job-worker=262144"
    "memorysetup-temp-allocator-size-preload-manager=33554432"
    "memorysetup-temp-allocator-size-nav-mesh-worker=65536"
    "memorysetup-temp-allocator-size-audio-worker=65536"
    "memorysetup-temp-allocator-size-cloud-worker=32768"
    "memorysetup-temp-allocator-size-gi-baking-worker=262144"
    "memorysetup-temp-allocator-size-gfx=262144"
Player connection [15288] Host "[IP] 192.168.11.143 [Port] 0 [Flags] 2 [Guid] 1976831450 [EditorId] 1976831450 [Version] 1048832 [Id] WindowsEditor(7,YamaguchiRui) [Debug] 1 [PackageName] WindowsEditor [ProjectName] Editor" joined multi-casting on [225.0.0.222:54997]...

Player connection [15288] Host "[IP] 192.168.11.143 [Port] 0 [Flags] 2 [Guid] 1976831450 [EditorId] 1976831450 [Version] 1048832 [Id] WindowsEditor(7,YamaguchiRui) [Debug] 1 [PackageName] WindowsEditor [ProjectName] Editor" joined alternative multi-casting on [225.0.0.222:34997]...

[Physics::Module] Initialized MultithreadedJobDispatcher with 19 workers.
Refreshing native plugins compatible for Editor in 9.97 ms, found 6 plugins.
Preloading 0 native plugins for Editor in 0.00 ms.
Initialize engine version: 2022.3.10f1 (ff3792e53c62)
[Subsystems] Discovering subsystems at path C:/Program Files/Unity/Hub/Editor/2022.3.10f1/Editor/Data/Resources/UnitySubsystems
[Subsystems] Discovering subsystems at path C:/Users/rui02/unity_project/IVRC/IVRC/Assets
GfxDevice: creating device client; threaded=0; jobified=0
Direct3D:
    Version:  Direct3D 11.0 [level 11.1]
    Renderer: NVIDIA GeForce RTX 3060 Laptop GPU (ID=0x2520)
    Vendor:   NVIDIA
    VRAM:     5996 MB
    Driver:   32.0.15.6081
Initialize mono
Mono path[0] = 'C:/Program Files/Unity/Hub/Editor/2022.3.10f1/Editor/Data/Managed'
Mono path[1] = 'C:/Program Files/Unity/Hub/Editor/2022.3.10f1/Editor/Data/MonoBleedingEdge/lib/mono/unityjit-win32'
Mono config path = 'C:/Program Files/Unity/Hub/Editor/2022.3.10f1/Editor/Data/MonoBleedingEdge/etc'
Using monoOptions --debugger-agent=transport=dt_socket,embedding=1,server=y,suspend=n,address=127.0.0.1:56056
Begin MonoManager ReloadAssembly
Registering precompiled unity dll's ...
Register platform support module: C:/Program Files/Unity/Hub/Editor/2022.3.10f1/Editor/Data/PlaybackEngines/WebGLSupport/UnityEditor.WebGL.Extensions.dll
Register platform support module: C:/Program Files/Unity/Hub/Editor/2022.3.10f1/Editor/Data/PlaybackEngines/WindowsStandaloneSupport/UnityEditor.WindowsStandalone.Extensions.dll
Registered in 0.006274 seconds.
- Loaded All Assemblies, in  0.349 seconds
Native extension for WindowsStandalone target not found
Native extension for WebGL target not found
Mono: successfully reloaded assembly
- Finished resetting the current domain, in  0.282 seconds
Domain Reload Profiling: 630ms
	BeginReloadAssembly (102ms)
		ExecutionOrderSort (0ms)
		DisableScriptedObjects (0ms)
		BackupInstance (0ms)
		ReleaseScriptingObjects (0ms)
		CreateAndSetChildDomain (1ms)
	RebuildCommonClasses (31ms)
	RebuildNativeTypeToScriptingClass (10ms)
	initialDomainReloadingComplete (55ms)
	LoadAllAssembliesAndSetupDomain (150ms)
		LoadAssemblies (99ms)
		RebuildTransferFunctionScriptingTraits (0ms)
		AnalyzeDomain (148ms)
			TypeCache.Refresh (147ms)
				TypeCache.ScanAssembly (134ms)
			ScanForSourceGeneratedMonoScriptInfo (0ms)
			ResolveRequiredComponents (0ms)
	FinalizeReload (282ms)
		ReleaseScriptCaches (0ms)
		RebuildScriptCaches (0ms)
		SetupLoadedEditorAssemblies (216ms)
			LogAssemblyErrors (0ms)
			InitializePlatformSupportModulesInManaged (10ms)
			SetLoadedEditorAssemblies (6ms)
			RefreshPlugins (0ms)
			BeforeProcessingInitializeOnLoad (2ms)
			ProcessInitializeOnLoadAttributes (145ms)
			ProcessInitializeOnLoadMethodAttributes (53ms)
			AfterProcessingInitializeOnLoad (0ms)
			EditorAssembliesLoaded (0ms)
		ExecutionOrderSort2 (0ms)
		AwakeInstancesAfterBackupRestoration (0ms)
========================================================================
Worker process is ready to serve import requests
Begin MonoManager ReloadAssembly
Symbol file data-0000022F878E3630 doesn't match image C:\Users\rui02\unity_project\IVRC\IVRC\Library\ScriptAssemblies\UniHumanoid.Editor.dll
Symbol file LoadedFromMemory is not a mono symbol file
Symbol file data-0000022F8812F010 doesn't match image C:\Users\rui02\unity_project\IVRC\IVRC\Library\ScriptAssemblies\Unity.XR.Management.dll
Symbol file LoadedFromMemory is not a mono symbol file
Symbol file data-0000022F8814DE20 doesn't match image C:\Users\rui02\unity_project\IVRC\IVRC\Library\ScriptAssemblies\UniHumanoid.Editor.Tests.dll
Symbol file LoadedFromMemory is not a mono symbol file
Symbol file data-0000022F88168A30 doesn't match image C:\Users\rui02\unity_project\IVRC\IVRC\Library\ScriptAssemblies\Unity.VisualEffectGraph.Runtime.dll
Symbol file LoadedFromMemory is not a mono symbol file
Symbol file data-0000022F65AAE810 doesn't match image C:\Users\rui02\unity_project\IVRC\IVRC\Library\ScriptAssemblies\Unity.RenderPipelines.Core.Runtime.dll
Symbol file LoadedFromMemory is not a mono symbol file
Symbol file data-0000022F65AEB820 doesn't match image C:\Users\rui02\unity_project\IVRC\IVRC\Library\ScriptAssemblies\Unity.Burst.Editor.dll
Symbol file LoadedFromMemory is not a mono symbol file
Symbol file data-0000022F87F98020 doesn't match image C:\Users\rui02\unity_project\IVRC\IVRC\Library\ScriptAssemblies\SteamVR.dll
Symbol file LoadedFromMemory is not a mono symbol file
Symbol file data-0000022F42A67620 doesn't match image C:\Users\rui02\unity_project\IVRC\IVRC\Library\ScriptAssemblies\SteamVR_Actions.dll
Symbol file LoadedFromMemory is not a mono symbol file
Symbol file data-0000022F42A67620 doesn't match image C:\Users\rui02\unity_project\IVRC\IVRC\Library\ScriptAssemblies\VRMShaders.GLTF.UniUnlit.Runtime.dll
Symbol file LoadedFromMemory is not a mono symbol file
Symbol file data-0000022F42A67620 doesn't match image C:\Users\rui02\unity_project\IVRC\IVRC\Library\ScriptAssemblies\SteamVR_Windows_EditorHelper.dll
Symbol file LoadedFromMemory is not a mono symbol file
Symbol file data-0000022F87F98020 doesn't match image C:\Users\rui02\unity_project\IVRC\IVRC\Library\ScriptAssemblies\UniGLTF.dll
Symbol file LoadedFromMemory is not a mono symbol file
Symbol file data-0000022F65731030 doesn't match image C:\Users\rui02\unity_project\IVRC\IVRC\Library\ScriptAssemblies\Unity.Rider.Editor.dll
Symbol file LoadedFromMemory is not a mono symbol file
Symbol file data-0000022F87D65C30 doesn't match image C:\Users\rui02\unity_project\IVRC\IVRC\Library\ScriptAssemblies\VRMShaders.VRM10.MToon10.Tests.dll
Symbol file LoadedFromMemory is not a mono symbol file
Symbol file data-0000022F87F98020 doesn't match image C:\Users\rui02\unity_project\IVRC\IVRC\Library\ScriptAssemblies\Unity.RenderPipelines.Core.Editor.dll
Symbol file LoadedFromMemory is not a mono symbol file
Symbol file data-0000022F6531DD10 doesn't match image C:\Users\rui02\unity_project\IVRC\IVRC\Library\ScriptAssemblies\Unity.VisualEffectGraph.Editor.dll
Symbol file LoadedFromMemory is not a mono symbol file
Symbol file data-0000022F87FCF630 doesn't match image C:\Users\rui02\unity_project\IVRC\IVRC\Library\ScriptAssemblies\UnityEditor.TestRunner.dll
Symbol file LoadedFromMemory is not a mono symbol file
Symbol file data-0000022F88359010 doesn't match image C:\Users\rui02\unity_project\IVRC\IVRC\Library\ScriptAssemblies\Unity.VisualScripting.Flow.dll
Symbol file LoadedFromMemory is not a mono symbol file
Symbol file data-0000022F65AFB830 doesn't match image C:\Users\rui02\unity_project\IVRC\IVRC\Library\ScriptAssemblies\Unity.Mathematics.Editor.dll
Symbol file LoadedFromMemory is not a mono symbol file
Symbol file data-0000022F65AFB830 doesn't match image C:\Users\rui02\unity_project\IVRC\IVRC\Library\ScriptAssemblies\Unity.TestTools.CodeCoverage.Editor.OpenCover.Mono.Reflection.dll
Symbol file LoadedFromMemory is not a mono symbol file
Symbol file data-0000022F65AFB830 doesn't match image C:\Users\rui02\unity_project\IVRC\IVRC\Library\ScriptAssemblies\VRMShaders.VRM10.MToon10.Editor.dll
Symbol file LoadedFromMemory is not a mono symbol file
Symbol file data-0000022F65AFB830 doesn't match image C:\Users\rui02\unity_project\IVRC\IVRC\Library\ScriptAssemblies\UniGLTF.Utils.dll
Symbol file LoadedFromMemory is not a mono symbol file
Symbol file data-0000022F65AFB830 doesn't match image C:\Users\rui02\unity_project\IVRC\IVRC\Library\ScriptAssemblies\Unity.RenderPipelines.HighDefinition.Config.Runtime.dll
Symbol file LoadedFromMemory is not a mono symbol file
Symbol file data-0000022F42A67620 doesn't match image C:\Users\rui02\unity_project\IVRC\IVRC\Library\ScriptAssemblies\MToon.Editor.dll
Symbol file LoadedFromMemory is not a mono symbol file
Symbol file data-0000022F87FCF630 doesn't match image C:\Users\rui02\unity_project\IVRC\IVRC\Library\ScriptAssemblies\Unity.Performance.Profile-Analyzer.Editor.dll
Symbol file LoadedFromMemory is not a mono symbol file
Symbol file data-0000022F883AA430 doesn't match image C:\Users\rui02\unity_project\IVRC\IVRC\Library\ScriptAssemblies\Unity.RenderPipelines.Core.ShaderLibrary.dll
Symbol file LoadedFromMemory is not a mono symbol file
Symbol file data-0000022F65731030 doesn't match image C:\Users\rui02\unity_project\IVRC\IVRC\Library\ScriptAssemblies\Unity.XR.Management.Editor.dll
Symbol file LoadedFromMemory is not a mono symbol file
Symbol file data-0000022F883AA430 doesn't match image C:\Users\rui02\unity_project\IVRC\IVRC\Library\ScriptAssemblies\VRMShaders.VRM.IO.Runtime.dll
Symbol file LoadedFromMemory is not a mono symbol file
Symbol file data-0000022F87977220 doesn't match image C:\Users\rui02\unity_project\IVRC\IVRC\Library\ScriptAssemblies\Unity.TestTools.CodeCoverage.Editor.dll
Symbol file LoadedFromMemory is not a mono symbol file
Symbol file data-0000022F879A1830 doesn't match image C:\Users\rui02\unity_project\IVRC\IVRC\Library\ScriptAssemblies\VRM.dll
Symbol file LoadedFromMemory is not a mono symbol file
Symbol file data-0000022F883AA430 doesn't match image C:\Users\rui02\unity_project\IVRC\IVRC\Library\ScriptAssemblies\VRMShaders.GLTF.UniUnlit.Editor.dll
Symbol file LoadedFromMemory is not a mono symbol file
Symbol file data-0000022F883AA430 doesn't match image C:\Users\rui02\unity_project\IVRC\IVRC\Library\ScriptAssemblies\PPv2URPConverters.dll
Symbol file LoadedFromMemory is not a mono symbol file
Symbol file data-0000022F879A1830 doesn't match image C:\Users\rui02\unity_project\IVRC\IVRC\Library\ScriptAssemblies\Unity.XR.OpenVR.dll
Symbol file LoadedFromMemory is not a mono symbol file
Symbol file data-0000022F87FE6A40 doesn't match image C:\Users\rui02\unity_project\IVRC\IVRC\Library\ScriptAssemblies\Unity.Settings.Editor.dll
Symbol file LoadedFromMemory is not a mono symbol file
Symbol file data-0000022F882E9C30 doesn't match image C:\Users\rui02\unity_project\IVRC\IVRC\Library\ScriptAssemblies\Unity.TextMeshPro.dll
Symbol file LoadedFromMemory is not a mono symbol file
Symbol file data-0000022F883AA430 doesn't match image C:\Users\rui02\unity_project\IVRC\IVRC\Library\ScriptAssemblies\VRMShaders.VRM10.Format.Runtime.dll
Symbol file LoadedFromMemory is not a mono symbol file
Symbol file data-0000022F879ABC40 doesn't match image C:\Users\rui02\unity_project\IVRC\IVRC\Library\ScriptAssemblies\Unity.Burst.CodeGen.dll
Symbol file LoadedFromMemory is not a mono symbol file
Symbol file data-0000022F87FE6A40 doesn't match image C:\Users\rui02\unity_project\IVRC\IVRC\Library\ScriptAssemblies\Unity.VSCode.Editor.dll
Symbol file LoadedFromMemory is not a mono symbol file
Symbol file data-0000022F87A5C690 doesn't match image C:\Users\rui02\unity_project\IVRC\IVRC\Library\ScriptAssemblies\UniGLTF.Editor.dll
Symbol file LoadedFromMemory is not a mono symbol file
Symbol file data-0000022F87A5C690 doesn't match image C:\Users\rui02\unity_project\IVRC\IVRC\Library\ScriptAssemblies\Unity.RenderPipelines.Universal.Editor.dll
Symbol file LoadedFromMemory is not a mono symbol file
Symbol file data-0000022F87A5C690 doesn't match image C:\Users\rui02\unity_project\IVRC\IVRC\Library\ScriptAssemblies\Unity.RenderPipelines.HighDefinition.Editor.dll
Symbol file LoadedFromMemory is not a mono symbol file
Symbol file data-0000022F883AA430 doesn't match image C:\Users\rui02\unity_project\IVRC\IVRC\Library\ScriptAssemblies\VRM.Samples.Editor.Tests.dll
Symbol file LoadedFromMemory is not a mono symbol file
Symbol file data-0000022F883AA430 doesn't match image C:\Users\rui02\unity_project\IVRC\IVRC\Library\ScriptAssemblies\Unity.RenderPipelines.ShaderGraph.ShaderGraphLibrary.dll
Symbol file LoadedFromMemory is not a mono symbol file
Symbol file data-0000022F883AA430 doesn't match image C:\Users\rui02\unity_project\IVRC\IVRC\Library\ScriptAssemblies\Unity.EditorCoroutines.Editor.dll
Symbol file LoadedFromMemory is not a mono symbol file
Symbol file data-0000022F42A67620 doesn't match image C:\Users\rui02\unity_project\IVRC\IVRC\Library\ScriptAssemblies\FastSpringBone.dll
Symbol file LoadedFromMemory is not a mono symbol file
Symbol file data-0000022F8804A030 doesn't match image C:\Users\rui02\unity_project\IVRC\IVRC\Library\ScriptAssemblies\Unity.TerrainTools.Editor.dll
Symbol file LoadedFromMemory is not a mono symbol file
Symbol file data-0000022F8804A030 doesn't match image C:\Users\rui02\unity_project\IVRC\IVRC\Library\ScriptAssemblies\Unity.RenderPipelines.Universal.Runtime.dll
Symbol file LoadedFromMemory is not a mono symbol file
Symbol file data-0000022F42A67620 doesn't match image C:\Users\rui02\unity_project\IVRC\IVRC\Library\ScriptAssemblies\MToon.dll
Symbol file LoadedFromMemory is not a mono symbol file
Symbol file data-0000022F879B7A50 doesn't match image C:\Users\rui02\unity_project\IVRC\IVRC\Library\ScriptAssemblies\UniHumanoid.dll
Symbol file LoadedFromMemory is not a mono symbol file
Symbol file data-0000022F65B87C80 doesn't match image C:\Users\rui02\unity_project\IVRC\IVRC\Library\ScriptAssemblies\Unity.Burst.dll
Symbol file LoadedFromMemory is not a mono symbol file
Symbol file data-0000022F879B7A50 doesn't match image C:\Users\rui02\unity_project\IVRC\IVRC\Library\ScriptAssemblies\UnityEngine.XR.LegacyInputHelpers.dll
Symbol file LoadedFromMemory is not a mono symbol file
Symbol file data-0000022F879B7A50 doesn't match image C:\Users\rui02\unity_project\IVRC\IVRC\Library\ScriptAssemblies\UniGLTF.Tests.dll
Symbol file LoadedFromMemory is not a mono symbol file
Symbol file data-0000022F87AD46A0 doesn't match image C:\Users\rui02\unity_project\IVRC\IVRC\Library\ScriptAssemblies\VRMShaders.GLTF.IO.Runtime.dll
Symbol file LoadedFromMemory is not a mono symbol file
Symbol file data-0000022F6531DD10 doesn't match image C:\Users\rui02\unity_project\IVRC\IVRC\Library\ScriptAssemblies\Unity.Timeline.Editor.dll
Symbol file LoadedFromMemory is not a mono symbol file
Symbol file data-0000022F880CE410 doesn't match image C:\Users\rui02\unity_project\IVRC\IVRC\Library\ScriptAssemblies\Unity.VisualScripting.Shared.Editor.dll
Symbol file LoadedFromMemory is not a mono symbol file
Symbol file data-0000022F880CE410 doesn't match image C:\Users\rui02\unity_project\IVRC\IVRC\Library\ScriptAssemblies\Unity.TerrainTools.dll
Symbol file LoadedFromMemory is not a mono symbol file
Symbol file data-0000022F8804A030 doesn't match image C:\Users\rui02\unity_project\IVRC\IVRC\Library\ScriptAssemblies\Unity.PlasticSCM.Editor.dll
Symbol file LoadedFromMemory is not a mono symbol file
Symbol file data-0000022F880CE410 doesn't match image C:\Users\rui02\unity_project\IVRC\IVRC\Library\ScriptAssemblies\Unity.CollabProxy.Editor.dll
Symbol file LoadedFromMemory is not a mono symbol file
Symbol file data-0000022F880CE410 doesn't match image C:\Users\rui02\unity_project\IVRC\IVRC\Library\ScriptAssemblies\UnityEditor.SpatialTracking.dll
Symbol file LoadedFromMemory is not a mono symbol file
Symbol file data-0000022F653B3520 doesn't match image C:\Users\rui02\unity_project\IVRC\IVRC\Library\ScriptAssemblies\UniVRM.Editor.dll
Symbol file LoadedFromMemory is not a mono symbol file
Symbol file data-0000022F65EE5E70 doesn't match image C:\Users\rui02\unity_project\IVRC\IVRC\Library\ScriptAssemblies\Unity.ShaderGraph.Editor.dll
Symbol file LoadedFromMemory is not a mono symbol file
Symbol file data-0000022F653B3520 doesn't match image C:\Users\rui02\unity_project\IVRC\IVRC\Library\ScriptAssemblies\Unity.VisualStudio.Editor.dll
Symbol file LoadedFromMemory is not a mono symbol file
Symbol file data-0000022F653B3520 doesn't match image C:\Users\rui02\unity_project\IVRC\IVRC\Library\ScriptAssemblies\UnityEditor.UI.dll
Symbol file LoadedFromMemory is not a mono symbol file
Symbol file data-0000022F65EE5E70 doesn't match image C:\Users\rui02\unity_project\IVRC\IVRC\Library\ScriptAssemblies\Unity.VisualScripting.Core.dll
Symbol file LoadedFromMemory is not a mono symbol file
Symbol file data-0000022F653B3520 doesn't match image C:\Users\rui02\unity_project\IVRC\IVRC\Library\ScriptAssemblies\SteamVR_Input_Editor.dll
Symbol file LoadedFromMemory is not a mono symbol file
Symbol file data-0000022F65EE5E70 doesn't match image C:\Users\rui02\unity_project\IVRC\IVRC\Library\ScriptAssemblies\Unity.VisualScripting.Core.Editor.dll
Symbol file LoadedFromMemory is not a mono symbol file
Symbol file data-0000022F880CE410 doesn't match image C:\Users\rui02\unity_project\IVRC\IVRC\Library\ScriptAssemblies\UnityEngine.SpatialTracking.dll
Symbol file LoadedFromMemory is not a mono symbol file
Symbol file data-0000022F65F27680 doesn't match image C:\Users\rui02\unity_project\IVRC\IVRC\Library\ScriptAssemblies\UnityEngine.UI.dll
Symbol file LoadedFromMemory is not a mono symbol file
Symbol file data-0000022F653BB530 doesn't match image C:\Users\rui02\unity_project\IVRC\IVRC\Library\ScriptAssemblies\VRMShaders.GLTF.IO.Tests.dll
Symbol file LoadedFromMemory is not a mono symbol file
Symbol file data-0000022F87ADC2B0 doesn't match image C:\Users\rui02\unity_project\IVRC\IVRC\Library\ScriptAssemblies\UnityEditor.XR.LegacyInputHelpers.dll
Symbol file LoadedFromMemory is not a mono symbol file
Symbol file data-0000022F87ADC2B0 doesn't match image C:\Users\rui02\unity_project\IVRC\IVRC\Library\ScriptAssemblies\SteamVR_Editor.dll
Symbol file LoadedFromMemory is not a mono symbol file
Symbol file data-0000022F65F27680 doesn't match image C:\Users\rui02\unity_project\IVRC\IVRC\Library\ScriptAssemblies\Unity.VisualScripting.Flow.Editor.dll
Symbol file LoadedFromMemory is not a mono symbol file
Symbol file data-0000022F653BB530 doesn't match image C:\Users\rui02\unity_project\IVRC\IVRC\Library\ScriptAssemblies\Unity.RenderPipeline.Universal.ShaderLibrary.dll
Symbol file LoadedFromMemory is not a mono symbol file
Symbol file data-0000022F88081A60 doesn't match image C:\Users\rui02\unity_project\IVRC\IVRC\Library\ScriptAssemblies\Unity.Timeline.dll
Symbol file LoadedFromMemory is not a mono symbol file
Symbol file data-0000022F880CE410 doesn't match image C:\Users\rui02\unity_project\IVRC\IVRC\Library\ScriptAssemblies\Unity.XR.OpenVR.Editor.dll
Symbol file LoadedFromMemory is not a mono symbol file
Symbol file data-0000022F87ADC2B0 doesn't match image C:\Users\rui02\unity_project\IVRC\IVRC\Library\ScriptAssemblies\VRMShaders.VRM10.MToon10.Runtime.dll
Symbol file LoadedFromMemory is not a mono symbol file
Symbol file data-0000022F88081A60 doesn't match image C:\Users\rui02\unity_project\IVRC\IVRC\Library\ScriptAssemblies\Unity.VisualScripting.SettingsProvider.Editor.dll
Symbol file LoadedFromMemory is not a mono symbol file
Symbol file data-0000022F88088470 doesn't match image C:\Users\rui02\unity_project\IVRC\IVRC\Library\ScriptAssemblies\Unity.TestTools.CodeCoverage.Editor.OpenCover.Model.dll
Symbol file LoadedFromMemory is not a mono symbol file
Symbol file data-0000022F88088470 doesn't match image C:\Users\rui02\unity_project\IVRC\IVRC\Library\ScriptAssemblies\VRMShaders.GLTF.IO.Editor.dll
Symbol file LoadedFromMemory is not a mono symbol file
Symbol file data-0000022F65F6C2A0 doesn't match image C:\Users\rui02\unity_project\IVRC\IVRC\Library\ScriptAssemblies\UnityEngine.TestRunner.dll
Symbol file LoadedFromMemory is not a mono symbol file
Symbol file data-0000022F88088470 doesn't match image C:\Users\rui02\unity_project\IVRC\IVRC\Library\ScriptAssemblies\Unity.VisualScripting.State.Editor.dll
Symbol file LoadedFromMemory is not a mono symbol file
Symbol file data-0000022F65D7DC20 doesn't match image C:\Users\rui02\unity_project\IVRC\IVRC\Library\ScriptAssemblies\Unity.Mathematics.dll
Symbol file LoadedFromMemory is not a mono symbol file
Symbol file data-0000022F65F94AC0 doesn't match image C:\Users\rui02\unity_project\IVRC\IVRC\Library\ScriptAssemblies\Unity.RenderPipelines.Universal.Shaders.dll
Symbol file LoadedFromMemory is not a mono symbol file
Symbol file data-0000022F65DB6630 doesn't match image C:\Users\rui02\unity_project\IVRC\IVRC\Library\ScriptAssemblies\Unity.TextMeshPro.Editor.dll
Symbol file LoadedFromMemory is not a mono symbol file
Symbol file data-0000022F65DB6630 doesn't match image C:\Users\rui02\unity_project\IVRC\IVRC\Library\ScriptAssemblies\Unity.Searcher.Editor.dll
Symbol file LoadedFromMemory is not a mono symbol file
Symbol file data-0000022F65DBE640 doesn't match image C:\Users\rui02\unity_project\IVRC\IVRC\Library\ScriptAssemblies\Unity.VisualScripting.State.dll
Symbol file LoadedFromMemory is not a mono symbol file
Symbol file data-0000022F65F94AC0 doesn't match image C:\Users\rui02\unity_project\IVRC\IVRC\Library\ScriptAssemblies\Unity.ShaderGraph.Utilities.dll
Symbol file LoadedFromMemory is not a mono symbol file
Symbol file data-0000022F89713180 doesn't match image C:\Users\rui02\unity_project\IVRC\IVRC\Library\ScriptAssemblies\Unity.RenderPipelines.HighDefinition.Runtime.dll
Symbol file LoadedFromMemory is not a mono symbol file
Symbol file data-0000022F65DC7450 doesn't match image C:\Users\rui02\unity_project\IVRC\IVRC\Library\ScriptAssemblies\VRM.Tests.dll
Symbol file LoadedFromMemory is not a mono symbol file
- Loaded All Assemblies, in  0.875 seconds
Refreshing native plugins compatible for Editor in 3.80 ms, found 6 plugins.
Native extension for WindowsStandalone target not found
Native extension for WebGL target not found
Package Manager log level set to [2]
[Package Manager] Server::EnsureServerProcessIsRunning -- launch failed, reason: Unity was launched with the -noUpm command-line argument
[Package Manager] UpmClient::Send -- Unable to send message (not connected to UPM process).
[Package Manager] Cannot connect to Unity Package Manager local server
[Package Manager] Server::EnsureServerProcessIsRunning -- launch failed, reason: Unity was launched with the -noUpm command-line argument
[Package Manager] UpmClient::Send -- Unable to send message (not connected to UPM process).
[Package Manager] Cannot connect to Unity Package Manager local server
Mono: successfully reloaded assembly
[Package Manager] Server::EnsureServerProcessIsRunning -- launch failed, reason: Unity was launched with the -noUpm command-line argument
[Package Manager] UpmClient::Send -- Unable to send message (not connected to UPM process).
[Package Manager] Cannot connect to Unity Package Manager local server
[Package Manager] Server::EnsureServerProcessIsRunning -- launch failed, reason: Unity was launched with the -noUpm command-line argument
[Package Manager] UpmClient::Send -- Unable to send message (not connected to UPM process).
[Package Manager] Cannot connect to Unity Package Manager local server
- Finished resetting the current domain, in  0.700 seconds
Domain Reload Profiling: 1571ms
	BeginReloadAssembly (155ms)
		ExecutionOrderSort (0ms)
		DisableScriptedObjects (5ms)
		BackupInstance (0ms)
		ReleaseScriptingObjects (0ms)
		CreateAndSetChildDomain (22ms)
	RebuildCommonClasses (33ms)
	RebuildNativeTypeToScriptingClass (12ms)
	initialDomainReloadingComplete (52ms)
	LoadAllAssembliesAndSetupDomain (619ms)
		LoadAssemblies (371ms)
		RebuildTransferFunctionScriptingTraits (0ms)
		AnalyzeDomain (338ms)
			TypeCache.Refresh (289ms)
				TypeCache.ScanAssembly (269ms)
			ScanForSourceGeneratedMonoScriptInfo (36ms)
			ResolveRequiredComponents (11ms)
	FinalizeReload (700ms)
		ReleaseScriptCaches (0ms)
		RebuildScriptCaches (0ms)
		SetupLoadedEditorAssemblies (523ms)
			LogAssemblyErrors (0ms)
			InitializePlatformSupportModulesInManaged (7ms)
			SetLoadedEditorAssemblies (5ms)
			RefreshPlugins (0ms)
			BeforeProcessingInitializeOnLoad (87ms)
			ProcessInitializeOnLoadAttributes (391ms)
			ProcessInitializeOnLoadMethodAttributes (28ms)
			AfterProcessingInitializeOnLoad (5ms)
			EditorAssembliesLoaded (0ms)
		ExecutionOrderSort2 (0ms)
		AwakeInstancesAfterBackupRestoration (5ms)
Launched and connected shader compiler UnityShaderCompiler.exe after 0.04 seconds
Refreshing native plugins compatible for Editor in 11.07 ms, found 6 plugins.
Preloading 0 native plugins for Editor in 0.00 ms.
Unloading 8119 Unused Serialized files (Serialized files now loaded: 0)
Unloading 263 unused Assets / (14.9 MB). Loaded Objects now: 8490.
Memory consumption went from 356.7 MB to 341.9 MB.
Total: 10.441200 ms (FindLiveObjects: 0.898700 ms CreateObjectMapping: 0.896400 ms MarkObjects: 5.006400 ms  DeleteObjects: 3.637600 ms)

AssetImportParameters requested are different than current active one (requested -> active):
  custom:container-demuxer-ogg: 62fdf1f143b41e24485cea50d1cbac27 -> 
  custom:framework-win-MediaFoundation: 216162199b28c13a410421893ffa2e32 -> 
  custom:container-muxer-webm: aa71ff27fc2769a1b78a27578f13a17b -> 
  custom:video-decoder-webm-vp8: 9c59270c3fd7afecdb556c50c9e8de78 -> 
  custom:SearchIndexIgnoredProperties: e643bd26f0fe6173181afceb89e7c659 -> 
  custom:AudioImporter_EditorPlatform: d09bf68614088b80899f8185d706f6e7 -> 
  custom:audio-decoder-ogg-vorbis: bf7c407c2cedff20999df2af8eb42d56 -> 
  custom:audio-encoder-webm-vorbis: bf7c407c2cedff20999df2af8eb42d56 -> 
  custom:video-codec-MediaFoundation-h265: 746d11721c4dcdbdad8f713fa42b33f4 -> 
  custom:video-decoder-ogg-theora: a1e56fd34408186e4bbccfd4996cb3dc -> 
  custom:CustomObjectIndexerAttribute: a3ef5dd2817f97addfee359851a9dba5 -> 
  custom:container-demuxer-webm: 4f35f7cbe854078d1ac9338744f61a02 -> 
  custom:video-encoder-webm-vp8: eb34c28f22e8b96e1ab97ce403110664 -> 
========================================================================
Received Prepare
Begin MonoManager ReloadAssembly
Symbol file data-0000022F899D6C20 doesn't match image C:\Users\rui02\unity_project\IVRC\IVRC\Library\ScriptAssemblies\UniHumanoid.Editor.dll
Symbol file LoadedFromMemory is not a mono symbol file
Symbol file data-0000022F899D6C20 doesn't match image C:\Users\rui02\unity_project\IVRC\IVRC\Library\ScriptAssemblies\Unity.XR.Management.dll
Symbol file LoadedFromMemory is not a mono symbol file
Symbol file data-0000022F899D6C20 doesn't match image C:\Users\rui02\unity_project\IVRC\IVRC\Library\ScriptAssemblies\UniHumanoid.Editor.Tests.dll
Symbol file LoadedFromMemory is not a mono symbol file
Symbol file data-0000022F88B28010 doesn't match image C:\Users\rui02\unity_project\IVRC\IVRC\Library\ScriptAssemblies\Unity.VisualEffectGraph.Runtime.dll
Symbol file LoadedFromMemory is not a mono symbol file
Symbol file data-0000022F9DB17010 doesn't match image C:\Users\rui02\unity_project\IVRC\IVRC\Library\ScriptAssemblies\Unity.RenderPipelines.Core.Runtime.dll
Symbol file LoadedFromMemory is not a mono symbol file
Symbol file data-0000022FA5969A70 doesn't match image C:\Users\rui02\unity_project\IVRC\IVRC\Library\ScriptAssemblies\Unity.Burst.Editor.dll
Symbol file LoadedFromMemory is not a mono symbol file
Symbol file data-0000022F94AD2020 doesn't match image C:\Users\rui02\unity_project\IVRC\IVRC\Library\ScriptAssemblies\SteamVR.dll
Symbol file LoadedFromMemory is not a mono symbol file
Symbol file data-0000022F899D6C20 doesn't match image C:\Users\rui02\unity_project\IVRC\IVRC\Library\ScriptAssemblies\SteamVR_Actions.dll
Symbol file LoadedFromMemory is not a mono symbol file
Symbol file data-0000022F899D6C20 doesn't match image C:\Users\rui02\unity_project\IVRC\IVRC\Library\ScriptAssemblies\VRMShaders.GLTF.UniUnlit.Runtime.dll
Symbol file LoadedFromMemory is not a mono symbol file
Symbol file data-0000022F899D6C20 doesn't match image C:\Users\rui02\unity_project\IVRC\IVRC\Library\ScriptAssemblies\SteamVR_Windows_EditorHelper.dll
Symbol file LoadedFromMemory is not a mono symbol file
Symbol file data-0000022F878BF030 doesn't match image C:\Users\rui02\unity_project\IVRC\IVRC\Library\ScriptAssemblies\UniGLTF.dll
Symbol file LoadedFromMemory is not a mono symbol file
Symbol file data-0000022F9B28F5D0 doesn't match image C:\Users\rui02\unity_project\IVRC\IVRC\Library\ScriptAssemblies\Unity.Rider.Editor.dll
Symbol file LoadedFromMemory is not a mono symbol file
Symbol file data-0000022FA597F480 doesn't match image C:\Users\rui02\unity_project\IVRC\IVRC\Library\ScriptAssemblies\VRMShaders.VRM10.MToon10.Tests.dll
Symbol file LoadedFromMemory is not a mono symbol file
Symbol file data-0000022F9DDC4040 doesn't match image C:\Users\rui02\unity_project\IVRC\IVRC\Library\ScriptAssemblies\Unity.RenderPipelines.Core.Editor.dll
Symbol file LoadedFromMemory is not a mono symbol file
Symbol file data-0000022F94016010 doesn't match image C:\Users\rui02\unity_project\IVRC\IVRC\Library\ScriptAssemblies\Unity.VisualEffectGraph.Editor.dll
Symbol file LoadedFromMemory is not a mono symbol file
Symbol file data-0000022F65BE4010 doesn't match image C:\Users\rui02\unity_project\IVRC\IVRC\Library\ScriptAssemblies\UnityEditor.TestRunner.dll
Symbol file LoadedFromMemory is not a mono symbol file
Symbol file data-0000022F94AD2020 doesn't match image C:\Users\rui02\unity_project\IVRC\IVRC\Library\ScriptAssemblies\Unity.VisualScripting.Flow.dll
Symbol file LoadedFromMemory is not a mono symbol file
Symbol file data-0000022F8792C010 doesn't match image C:\Users\rui02\unity_project\IVRC\IVRC\Library\ScriptAssemblies\Unity.Mathematics.Editor.dll
Symbol file LoadedFromMemory is not a mono symbol file
Symbol file data-0000022F8792C010 doesn't match image C:\Users\rui02\unity_project\IVRC\IVRC\Library\ScriptAssemblies\Unity.TestTools.CodeCoverage.Editor.OpenCover.Mono.Reflection.dll
Symbol file LoadedFromMemory is not a mono symbol file
Symbol file data-0000022F8792F020 doesn't match image C:\Users\rui02\unity_project\IVRC\IVRC\Library\ScriptAssemblies\VRMShaders.VRM10.MToon10.Editor.dll
Symbol file LoadedFromMemory is not a mono symbol file
Symbol file data-0000022F8792F020 doesn't match image C:\Users\rui02\unity_project\IVRC\IVRC\Library\ScriptAssemblies\UniGLTF.Utils.dll
Symbol file LoadedFromMemory is not a mono symbol file
Symbol file data-0000022F8792F020 doesn't match image C:\Users\rui02\unity_project\IVRC\IVRC\Library\ScriptAssemblies\Unity.RenderPipelines.HighDefinition.Config.Runtime.dll
Symbol file LoadedFromMemory is not a mono symbol file
Symbol file data-0000022F962ECCA0 doesn't match image C:\Users\rui02\unity_project\IVRC\IVRC\Library\ScriptAssemblies\MToon.Editor.dll
Symbol file LoadedFromMemory is not a mono symbol file
Symbol file data-0000022F97131030 doesn't match image C:\Users\rui02\unity_project\IVRC\IVRC\Library\ScriptAssemblies\Unity.Performance.Profile-Analyzer.Editor.dll
Symbol file LoadedFromMemory is not a mono symbol file
Symbol file data-0000022F962ECCA0 doesn't match image C:\Users\rui02\unity_project\IVRC\IVRC\Library\ScriptAssemblies\Unity.RenderPipelines.Core.ShaderLibrary.dll
Symbol file LoadedFromMemory is not a mono symbol file
Symbol file data-0000022F9B28F5D0 doesn't match image C:\Users\rui02\unity_project\IVRC\IVRC\Library\ScriptAssemblies\Unity.XR.Management.Editor.dll
Symbol file LoadedFromMemory is not a mono symbol file
Symbol file data-0000022F962ECCA0 doesn't match image C:\Users\rui02\unity_project\IVRC\IVRC\Library\ScriptAssemblies\VRMShaders.VRM.IO.Runtime.dll
Symbol file LoadedFromMemory is not a mono symbol file
Symbol file data-0000022F87838030 doesn't match image C:\Users\rui02\unity_project\IVRC\IVRC\Library\ScriptAssemblies\Unity.TestTools.CodeCoverage.Editor.dll
Symbol file LoadedFromMemory is not a mono symbol file
Symbol file data-0000022F66166030 doesn't match image C:\Users\rui02\unity_project\IVRC\IVRC\Library\ScriptAssemblies\VRM.dll
Symbol file LoadedFromMemory is not a mono symbol file
Symbol file data-0000022F962ECCA0 doesn't match image C:\Users\rui02\unity_project\IVRC\IVRC\Library\ScriptAssemblies\VRMShaders.GLTF.UniUnlit.Editor.dll
Symbol file LoadedFromMemory is not a mono symbol file
Symbol file data-0000022F962ECCA0 doesn't match image C:\Users\rui02\unity_project\IVRC\IVRC\Library\ScriptAssemblies\PPv2URPConverters.dll
Symbol file LoadedFromMemory is not a mono symbol file
Symbol file data-0000022F88B28010 doesn't match image C:\Users\rui02\unity_project\IVRC\IVRC\Library\ScriptAssemblies\Unity.XR.OpenVR.dll
Symbol file LoadedFromMemory is not a mono symbol file
Symbol file data-0000022F962ECCA0 doesn't match image C:\Users\rui02\unity_project\IVRC\IVRC\Library\ScriptAssemblies\Unity.Settings.Editor.dll
Symbol file LoadedFromMemory is not a mono symbol file
Symbol file data-0000022F94AD2020 doesn't match image C:\Users\rui02\unity_project\IVRC\IVRC\Library\ScriptAssemblies\Unity.TextMeshPro.dll
Symbol file LoadedFromMemory is not a mono symbol file
Symbol file data-0000022F962ECCA0 doesn't match image C:\Users\rui02\unity_project\IVRC\IVRC\Library\ScriptAssemblies\VRMShaders.VRM10.Format.Runtime.dll
Symbol file LoadedFromMemory is not a mono symbol file
Symbol file data-0000022F9B28F5D0 doesn't match image C:\Users\rui02\unity_project\IVRC\IVRC\Library\ScriptAssemblies\Unity.Burst.CodeGen.dll
Symbol file LoadedFromMemory is not a mono symbol file
Symbol file data-0000022F962ECCA0 doesn't match image C:\Users\rui02\unity_project\IVRC\IVRC\Library\ScriptAssemblies\Unity.VSCode.Editor.dll
Symbol file LoadedFromMemory is not a mono symbol file
Symbol file data-0000022FA5DFCB80 doesn't match image C:\Users\rui02\unity_project\IVRC\IVRC\Library\ScriptAssemblies\UniGLTF.Editor.dll
Symbol file LoadedFromMemory is not a mono symbol file
Symbol file data-0000022FA64D1510 doesn't match image C:\Users\rui02\unity_project\IVRC\IVRC\Library\ScriptAssemblies\Unity.RenderPipelines.Universal.Editor.dll
Symbol file LoadedFromMemory is not a mono symbol file
Symbol file data-0000022F88E10010 doesn't match image C:\Users\rui02\unity_project\IVRC\IVRC\Library\ScriptAssemblies\Unity.RenderPipelines.HighDefinition.Editor.dll
Symbol file LoadedFromMemory is not a mono symbol file
Symbol file data-0000022F94AFD630 doesn't match image C:\Users\rui02\unity_project\IVRC\IVRC\Library\ScriptAssemblies\VRM.Samples.Editor.Tests.dll
Symbol file LoadedFromMemory is not a mono symbol file
Symbol file data-0000022F94AFD630 doesn't match image C:\Users\rui02\unity_project\IVRC\IVRC\Library\ScriptAssemblies\Unity.RenderPipelines.ShaderGraph.ShaderGraphLibrary.dll
Symbol file LoadedFromMemory is not a mono symbol file
Symbol file data-0000022F94AFD630 doesn't match image C:\Users\rui02\unity_project\IVRC\IVRC\Library\ScriptAssemblies\Unity.EditorCoroutines.Editor.dll
Symbol file LoadedFromMemory is not a mono symbol file
Symbol file data-0000022F962ECCA0 doesn't match image C:\Users\rui02\unity_project\IVRC\IVRC\Library\ScriptAssemblies\FastSpringBone.dll
Symbol file LoadedFromMemory is not a mono symbol file
Symbol file data-0000022FA77C2680 doesn't match image C:\Users\rui02\unity_project\IVRC\IVRC\Library\ScriptAssemblies\Unity.TerrainTools.Editor.dll
Symbol file LoadedFromMemory is not a mono symbol file
Symbol file data-0000022F957AF020 doesn't match image C:\Users\rui02\unity_project\IVRC\IVRC\Library\ScriptAssemblies\Unity.RenderPipelines.Universal.Runtime.dll
Symbol file LoadedFromMemory is not a mono symbol file
Symbol file data-0000022F8761A010 doesn't match image C:\Users\rui02\unity_project\IVRC\IVRC\Library\ScriptAssemblies\MToon.dll
Symbol file LoadedFromMemory is not a mono symbol file
Symbol file data-0000022F96FF3010 doesn't match image C:\Users\rui02\unity_project\IVRC\IVRC\Library\ScriptAssemblies\UniHumanoid.dll
Symbol file LoadedFromMemory is not a mono symbol file
Symbol file data-0000022FA77C2680 doesn't match image C:\Users\rui02\unity_project\IVRC\IVRC\Library\ScriptAssemblies\Unity.Burst.dll
Symbol file LoadedFromMemory is not a mono symbol file
Symbol file data-0000022F8761A010 doesn't match image C:\Users\rui02\unity_project\IVRC\IVRC\Library\ScriptAssemblies\UnityEngine.XR.LegacyInputHelpers.dll
Symbol file LoadedFromMemory is not a mono symbol file
Symbol file data-0000022F96FF3010 doesn't match image C:\Users\rui02\unity_project\IVRC\IVRC\Library\ScriptAssemblies\UniGLTF.Tests.dll
Symbol file LoadedFromMemory is not a mono symbol file
Symbol file data-0000022F8761A010 doesn't match image C:\Users\rui02\unity_project\IVRC\IVRC\Library\ScriptAssemblies\VRMShaders.GLTF.IO.Runtime.dll
Symbol file LoadedFromMemory is not a mono symbol file
Symbol file data-0000022F88180F30 doesn't match image C:\Users\rui02\unity_project\IVRC\IVRC\Library\ScriptAssemblies\Unity.Timeline.Editor.dll
Symbol file LoadedFromMemory is not a mono symbol file
Symbol file data-0000022F8761A010 doesn't match image C:\Users\rui02\unity_project\IVRC\IVRC\Library\ScriptAssemblies\Unity.VisualScripting.Shared.Editor.dll
Symbol file LoadedFromMemory is not a mono symbol file
Symbol file data-0000022F8761A010 doesn't match image C:\Users\rui02\unity_project\IVRC\IVRC\Library\ScriptAssemblies\Unity.TerrainTools.dll
Symbol file LoadedFromMemory is not a mono symbol file
Symbol file data-0000022F94BE0080 doesn't match image C:\Users\rui02\unity_project\IVRC\IVRC\Library\ScriptAssemblies\Unity.PlasticSCM.Editor.dll
Symbol file LoadedFromMemory is not a mono symbol file
Symbol file data-0000022F8761A010 doesn't match image C:\Users\rui02\unity_project\IVRC\IVRC\Library\ScriptAssemblies\Unity.CollabProxy.Editor.dll
Symbol file LoadedFromMemory is not a mono symbol file
Symbol file data-0000022F8761A010 doesn't match image C:\Users\rui02\unity_project\IVRC\IVRC\Library\ScriptAssemblies\UnityEditor.SpatialTracking.dll
Symbol file LoadedFromMemory is not a mono symbol file
Symbol file data-0000022F88B28010 doesn't match image C:\Users\rui02\unity_project\IVRC\IVRC\Library\ScriptAssemblies\UniVRM.Editor.dll
Symbol file LoadedFromMemory is not a mono symbol file
Symbol file data-0000022F955B8020 doesn't match image C:\Users\rui02\unity_project\IVRC\IVRC\Library\ScriptAssemblies\Unity.ShaderGraph.Editor.dll
Symbol file LoadedFromMemory is not a mono symbol file
Symbol file data-0000022F963EAD10 doesn't match image C:\Users\rui02\unity_project\IVRC\IVRC\Library\ScriptAssemblies\Unity.VisualStudio.Editor.dll
Symbol file LoadedFromMemory is not a mono symbol file
Symbol file data-0000022F963EAD10 doesn't match image C:\Users\rui02\unity_project\IVRC\IVRC\Library\ScriptAssemblies\UnityEditor.UI.dll
Symbol file LoadedFromMemory is not a mono symbol file
Symbol file data-0000022F9673E040 doesn't match image C:\Users\rui02\unity_project\IVRC\IVRC\Library\ScriptAssemblies\Unity.VisualScripting.Core.dll
Symbol file LoadedFromMemory is not a mono symbol file
Symbol file data-0000022F9B435BF0 doesn't match image C:\Users\rui02\unity_project\IVRC\IVRC\Library\ScriptAssemblies\SteamVR_Input_Editor.dll
Symbol file LoadedFromMemory is not a mono symbol file
Symbol file data-0000022FA7510080 doesn't match image C:\Users\rui02\unity_project\IVRC\IVRC\Library\ScriptAssemblies\Unity.VisualScripting.Core.Editor.dll
Symbol file LoadedFromMemory is not a mono symbol file
Symbol file data-0000022F895B3840 doesn't match image C:\Users\rui02\unity_project\IVRC\IVRC\Library\ScriptAssemblies\UnityEngine.SpatialTracking.dll
Symbol file LoadedFromMemory is not a mono symbol file
Symbol file data-0000022FA77C2680 doesn't match image C:\Users\rui02\unity_project\IVRC\IVRC\Library\ScriptAssemblies\UnityEngine.UI.dll
Symbol file LoadedFromMemory is not a mono symbol file
Symbol file data-0000022F653AEAB0 doesn't match image C:\Users\rui02\unity_project\IVRC\IVRC\Library\ScriptAssemblies\VRMShaders.GLTF.IO.Tests.dll
Symbol file LoadedFromMemory is not a mono symbol file
Symbol file data-0000022F895B3840 doesn't match image C:\Users\rui02\unity_project\IVRC\IVRC\Library\ScriptAssemblies\UnityEditor.XR.LegacyInputHelpers.dll
Symbol file LoadedFromMemory is not a mono symbol file
Symbol file data-0000022F895B3840 doesn't match image C:\Users\rui02\unity_project\IVRC\IVRC\Library\ScriptAssemblies\SteamVR_Editor.dll
Symbol file LoadedFromMemory is not a mono symbol file
Symbol file data-0000022FA77C2680 doesn't match image C:\Users\rui02\unity_project\IVRC\IVRC\Library\ScriptAssemblies\Unity.VisualScripting.Flow.Editor.dll
Symbol file LoadedFromMemory is not a mono symbol file
Symbol file data-0000022F653AEAB0 doesn't match image C:\Users\rui02\unity_project\IVRC\IVRC\Library\ScriptAssemblies\Unity.RenderPipeline.Universal.ShaderLibrary.dll
Symbol file LoadedFromMemory is not a mono symbol file
Symbol file data-0000022F66166030 doesn't match image C:\Users\rui02\unity_project\IVRC\IVRC\Library\ScriptAssemblies\Unity.Timeline.dll
Symbol file LoadedFromMemory is not a mono symbol file
Symbol file data-0000022F895B3840 doesn't match image C:\Users\rui02\unity_project\IVRC\IVRC\Library\ScriptAssemblies\Unity.XR.OpenVR.Editor.dll
Symbol file LoadedFromMemory is not a mono symbol file
Symbol file data-0000022F968AE020 doesn't match image C:\Users\rui02\unity_project\IVRC\IVRC\Library\ScriptAssemblies\VRMShaders.VRM10.MToon10.Runtime.dll
Symbol file LoadedFromMemory is not a mono symbol file
Symbol file data-0000022F968AE020 doesn't match image C:\Users\rui02\unity_project\IVRC\IVRC\Library\ScriptAssemblies\Unity.VisualScripting.SettingsProvider.Editor.dll
Symbol file LoadedFromMemory is not a mono symbol file
Symbol file data-0000022F9B24CA20 doesn't match image C:\Users\rui02\unity_project\IVRC\IVRC\Library\ScriptAssemblies\Unity.TestTools.CodeCoverage.Editor.OpenCover.Model.dll
Symbol file LoadedFromMemory is not a mono symbol file
Symbol file data-0000022F9B24CA20 doesn't match image C:\Users\rui02\unity_project\IVRC\IVRC\Library\ScriptAssemblies\VRMShaders.GLTF.IO.Editor.dll
Symbol file LoadedFromMemory is not a mono symbol file
Symbol file data-0000022F93CCD6B0 doesn't match image C:\Users\rui02\unity_project\IVRC\IVRC\Library\ScriptAssemblies\UnityEngine.TestRunner.dll
Symbol file LoadedFromMemory is not a mono symbol file
Symbol file data-0000022F9B435BF0 doesn't match image C:\Users\rui02\unity_project\IVRC\IVRC\Library\ScriptAssemblies\Unity.VisualScripting.State.Editor.dll
Symbol file LoadedFromMemory is not a mono symbol file
Symbol file data-0000022F8812F010 doesn't match image C:\Users\rui02\unity_project\IVRC\IVRC\Library\ScriptAssemblies\Unity.Mathematics.dll
Symbol file LoadedFromMemory is not a mono symbol file
Symbol file data-0000022F9B24CA20 doesn't match image C:\Users\rui02\unity_project\IVRC\IVRC\Library\ScriptAssemblies\Unity.RenderPipelines.Universal.Shaders.dll
Symbol file LoadedFromMemory is not a mono symbol file
Symbol file data-0000022F9673E040 doesn't match image C:\Users\rui02\unity_project\IVRC\IVRC\Library\ScriptAssemblies\Unity.TextMeshPro.Editor.dll
Symbol file LoadedFromMemory is not a mono symbol file
Symbol file data-0000022F9B24CA20 doesn't match image C:\Users\rui02\unity_project\IVRC\IVRC\Library\ScriptAssemblies\Unity.Searcher.Editor.dll
Symbol file LoadedFromMemory is not a mono symbol file
Symbol file data-0000022FA6509F20 doesn't match image C:\Users\rui02\unity_project\IVRC\IVRC\Library\ScriptAssemblies\Unity.VisualScripting.State.dll
Symbol file LoadedFromMemory is not a mono symbol file
Symbol file data-0000022FA6509F20 doesn't match image C:\Users\rui02\unity_project\IVRC\IVRC\Library\ScriptAssemblies\Unity.ShaderGraph.Utilities.dll
Symbol file LoadedFromMemory is not a mono symbol file
Symbol file data-0000022F87F98020 doesn't match image C:\Users\rui02\unity_project\IVRC\IVRC\Library\ScriptAssemblies\Unity.RenderPipelines.HighDefinition.Runtime.dll
Symbol file LoadedFromMemory is not a mono symbol file
Symbol file data-0000022FA6509F20 doesn't match image C:\Users\rui02\unity_project\IVRC\IVRC\Library\ScriptAssemblies\VRM.Tests.dll
Symbol file LoadedFromMemory is not a mono symbol file
- Loaded All Assemblies, in  0.545 seconds
Refreshing native plugins compatible for Editor in 5.04 ms, found 6 plugins.
Native extension for WindowsStandalone target not found
Native extension for WebGL target not found
[Package Manager] Server::EnsureServerProcessIsRunning -- launch failed, reason: Unity was launched with the -noUpm command-line argument
[Package Manager] UpmClient::Send -- Unable to send message (not connected to UPM process).
[Package Manager] Cannot connect to Unity Package Manager local server
[Package Manager] Server::EnsureServerProcessIsRunning -- launch failed, reason: Unity was launched with the -noUpm command-line argument
[Package Manager] UpmClient::Send -- Unable to send message (not connected to UPM process).
[Package Manager] Cannot connect to Unity Package Manager local server
Mono: successfully reloaded assembly
[Package Manager] Server::EnsureServerProcessIsRunning -- launch failed, reason: Unity was launched with the -noUpm command-line argument
[Package Manager] UpmClient::Send -- Unable to send message (not connected to UPM process).
[Package Manager] Cannot connect to Unity Package Manager local server
- Finished resetting the current domain, in  2.215 seconds
Domain Reload Profiling: 2756ms
	BeginReloadAssembly (177ms)
		ExecutionOrderSort (0ms)
		DisableScriptedObjects (3ms)
		BackupInstance (0ms)
		ReleaseScriptingObjects (0ms)
		CreateAndSetChildDomain (42ms)
	RebuildCommonClasses (33ms)
	RebuildNativeTypeToScriptingClass (14ms)
	initialDomainReloadingComplete (26ms)
	LoadAllAssembliesAndSetupDomain (290ms)
		LoadAssemblies (365ms)
		RebuildTransferFunctionScriptingTraits (0ms)
		AnalyzeDomain (27ms)
			TypeCache.Refresh (11ms)
				TypeCache.ScanAssembly (0ms)
			ScanForSourceGeneratedMonoScriptInfo (0ms)
			ResolveRequiredComponents (15ms)
	FinalizeReload (2215ms)
		ReleaseScriptCaches (0ms)
		RebuildScriptCaches (0ms)
		SetupLoadedEditorAssemblies (634ms)
			LogAssemblyErrors (0ms)
			InitializePlatformSupportModulesInManaged (5ms)
			SetLoadedEditorAssemblies (4ms)
			RefreshPlugins (0ms)
			BeforeProcessingInitializeOnLoad (96ms)
			ProcessInitializeOnLoadAttributes (496ms)
			ProcessInitializeOnLoadMethodAttributes (28ms)
			AfterProcessingInitializeOnLoad (4ms)
			EditorAssembliesLoaded (0ms)
		ExecutionOrderSort2 (0ms)
		AwakeInstancesAfterBackupRestoration (5ms)
Refreshing native plugins compatible for Editor in 7.69 ms, found 6 plugins.
Preloading 0 native plugins for Editor in 0.00 ms.
Unloading 7865 Unused Serialized files (Serialized files now loaded: 0)
Unloading 200 unused Assets / (14.8 MB). Loaded Objects now: 8506.
Memory consumption went from 299.3 MB to 284.5 MB.
Total: 13.157400 ms (FindLiveObjects: 1.122600 ms CreateObjectMapping: 0.790500 ms MarkObjects: 4.986300 ms  DeleteObjects: 6.255500 ms)

Prepare: number of updated asset objects reloaded= 0
AssetImportParameters requested are different than current active one (requested -> active):
  custom:container-demuxer-ogg: 62fdf1f143b41e24485cea50d1cbac27 -> 
  custom:framework-win-MediaFoundation: 216162199b28c13a410421893ffa2e32 -> 
  custom:container-muxer-webm: aa71ff27fc2769a1b78a27578f13a17b -> 
  custom:video-decoder-webm-vp8: 9c59270c3fd7afecdb556c50c9e8de78 -> 
  custom:SearchIndexIgnoredProperties: e643bd26f0fe6173181afceb89e7c659 -> 
  custom:AudioImporter_EditorPlatform: d09bf68614088b80899f8185d706f6e7 -> 
  custom:audio-decoder-ogg-vorbis: bf7c407c2cedff20999df2af8eb42d56 -> 
  custom:audio-encoder-webm-vorbis: bf7c407c2cedff20999df2af8eb42d56 -> 
  custom:video-codec-MediaFoundation-h265: 746d11721c4dcdbdad8f713fa42b33f4 -> 
  custom:video-decoder-ogg-theora: a1e56fd34408186e4bbccfd4996cb3dc -> 
  custom:CustomObjectIndexerAttribute: a3ef5dd2817f97addfee359851a9dba5 -> 
  custom:container-demuxer-webm: 4f35f7cbe854078d1ac9338744f61a02 -> 
  custom:video-encoder-webm-vp8: eb34c28f22e8b96e1ab97ce403110664 -> 
Editor requested this worker to shutdown with reason: Scaling down because of idle timeout
TcpMessagingSession - receive error
AssetImportWorkerClient::OnTransportError - code=2 error=End of file
AssetImportWorker is now disconnected from the server
Process exiting
Exiting without the bug reporter. Application will terminate with return code 0